;  LST file generated by mikroListExporter - v.2.0 
; Date/Time: 1/14/2025 11:51:44 PM
;----------------------------------------------

;Address Opcode 	ASM
0x0000	0x2B84      	GOTO       900
_interrupt:
0x0004	0x00FF      	MOVWF      R15
0x0005	0x0E03      	SWAPF      STATUS, 0
0x0006	0x0183      	CLRF       STATUS
0x0007	0x00CC      	MOVWF      ___saveSTATUS
0x0008	0x080A      	MOVF       PCLATH, 0
0x0009	0x00CB      	MOVWF      ___savePCLATH
0x000A	0x018A      	CLRF       PCLATH
0x000B	0x0870      	MOVF       R0, 0
0x000C	0x00A5      	MOVWF      37
0x000D	0x0871      	MOVF       R1, 0
0x000E	0x00A4      	MOVWF      36
0x000F	0x0872      	MOVF       R2, 0
0x0010	0x00A3      	MOVWF      35
0x0011	0x0873      	MOVF       R3, 0
0x0012	0x00A2      	MOVWF      34
0x0013	0x0874      	MOVF       R4, 0
0x0014	0x00A1      	MOVWF      33
;MyProject.c,56 :: 		void interrupt(void){
;MyProject.c,57 :: 		if(INTCON & 0x02){
0x0015	0x1C8B      	BTFSS      INTCON, 1
0x0016	0x2823      	GOTO       L_interrupt0
;MyProject.c,58 :: 		if(PORTD & 0x10){
0x0017	0x1E08      	BTFSS      PORTD, 4
0x0018	0x281E      	GOTO       L_interrupt1
;MyProject.c,59 :: 		mode = 1;
0x0019	0x3001      	MOVLW      1
0x001A	0x00B6      	MOVWF      _mode
0x001B	0x3000      	MOVLW      0
0x001C	0x00B7      	MOVWF      _mode+1
;MyProject.c,60 :: 		}
0x001D	0x2820      	GOTO       L_interrupt2
L_interrupt1:
;MyProject.c,62 :: 		mode = 0;
0x001E	0x01B6      	CLRF       _mode
0x001F	0x01B7      	CLRF       _mode+1
;MyProject.c,63 :: 		}
L_interrupt2:
;MyProject.c,64 :: 		INTCON = INTCON & 0xFD;
0x0020	0x30FD      	MOVLW      253
0x0021	0x058B      	ANDWF      INTCON, 1
;MyProject.c,65 :: 		}
0x0022	0x2828      	GOTO       L_interrupt3
L_interrupt0:
;MyProject.c,66 :: 		else if(INTCON & 0x04){
0x0023	0x1D0B      	BTFSS      INTCON, 2
0x0024	0x2828      	GOTO       L_interrupt4
;MyProject.c,67 :: 		TMR0 = 248;
0x0025	0x30F8      	MOVLW      248
0x0026	0x0081      	MOVWF      TMR0
;MyProject.c,68 :: 		tick++;
0x0027	0x0ACA      	INCF       _tick, 1
;MyProject.c,69 :: 		}
L_interrupt4:
L_interrupt3:
;MyProject.c,70 :: 		INTCON = INTCON & 0xFB;
0x0028	0x30FB      	MOVLW      251
0x0029	0x058B      	ANDWF      INTCON, 1
;MyProject.c,72 :: 		if(PIR1 & 0x04){
0x002A	0x1D0C      	BTFSS      PIR1, 2
0x002B	0x285D      	GOTO       L_interrupt5
;MyProject.c,73 :: 		if(a==1){
0x002C	0x3000      	MOVLW      0
0x002D	0x063F      	XORWF      _a+1, 0
0x002E	0x1D03      	BTFSS      STATUS, 2
0x002F	0x2832      	GOTO       L__interrupt68
0x0030	0x3001      	MOVLW      1
0x0031	0x063E      	XORWF      _a, 0
L__interrupt68:
0x0032	0x1D03      	BTFSS      STATUS, 2
0x0033	0x285B      	GOTO       L_interrupt6
;MyProject.c,74 :: 		if(HL){
0x0034	0x0840      	MOVF       _HL, 0
0x0035	0x1903      	BTFSC      STATUS, 2
0x0036	0x2844      	GOTO       L_interrupt7
;MyProject.c,75 :: 		CCPR1H = angle >> 8;
0x0037	0x0844      	MOVF       _angle+1, 0
0x0038	0x00F0      	MOVWF      R0
0x0039	0x01F1      	CLRF       R0+1
0x003A	0x0870      	MOVF       R0, 0
0x003B	0x0096      	MOVWF      CCPR1H
;MyProject.c,76 :: 		CCPR1L = angle;
0x003C	0x0843      	MOVF       _angle, 0
0x003D	0x0095      	MOVWF      CCPR1L
;MyProject.c,77 :: 		HL = 0;
0x003E	0x01C0      	CLRF       _HL
;MyProject.c,78 :: 		CCP1CON = 0x09;
0x003F	0x3009      	MOVLW      9
0x0040	0x0097      	MOVWF      CCP1CON
;MyProject.c,79 :: 		TMR1H = 0;
0x0041	0x018F      	CLRF       TMR1H
;MyProject.c,80 :: 		TMR1L = 0;
0x0042	0x018E      	CLRF       TMR1L
;MyProject.c,81 :: 		}
0x0043	0x2859      	GOTO       L_interrupt8
L_interrupt7:
;MyProject.c,83 :: 		CCPR1H = (40000 - angle) >> 8;
0x0044	0x0843      	MOVF       _angle, 0
0x0045	0x3C40      	SUBLW      64
0x0046	0x00F3      	MOVWF      R3
0x0047	0x0844      	MOVF       _angle+1, 0
0x0048	0x1C03      	BTFSS      STATUS, 0
0x0049	0x3E01      	ADDLW      1
0x004A	0x3C9C      	SUBLW      156
0x004B	0x00F4      	MOVWF      R3+1
0x004C	0x0874      	MOVF       R3+1, 0
0x004D	0x00F0      	MOVWF      R0
0x004E	0x01F1      	CLRF       R0+1
0x004F	0x0870      	MOVF       R0, 0
0x0050	0x0096      	MOVWF      CCPR1H
;MyProject.c,84 :: 		CCPR1L = (40000 - angle);
0x0051	0x0873      	MOVF       R3, 0
0x0052	0x0095      	MOVWF      CCPR1L
;MyProject.c,85 :: 		CCP1CON = 0x08;
0x0053	0x3008      	MOVLW      8
0x0054	0x0097      	MOVWF      CCP1CON
;MyProject.c,86 :: 		HL = 1;
0x0055	0x3001      	MOVLW      1
0x0056	0x00C0      	MOVWF      _HL
;MyProject.c,87 :: 		TMR1H = 0;
0x0057	0x018F      	CLRF       TMR1H
;MyProject.c,88 :: 		TMR1L = 0;
0x0058	0x018E      	CLRF       TMR1L
;MyProject.c,89 :: 		}
L_interrupt8:
;MyProject.c,90 :: 		PIR1 &= 0xFB;
0x0059	0x30FB      	MOVLW      251
0x005A	0x058C      	ANDWF      PIR1, 1
;MyProject.c,91 :: 		}
L_interrupt6:
;MyProject.c,92 :: 		PIR1 &= 0xFB;
0x005B	0x30FB      	MOVLW      251
0x005C	0x058C      	ANDWF      PIR1, 1
;MyProject.c,93 :: 		}
L_interrupt5:
;MyProject.c,94 :: 		}
L_end_interrupt:
L__interrupt67:
0x005D	0x0825      	MOVF       37, 0
0x005E	0x00F0      	MOVWF      R0
0x005F	0x0824      	MOVF       36, 0
0x0060	0x00F1      	MOVWF      R1
0x0061	0x0823      	MOVF       35, 0
0x0062	0x00F2      	MOVWF      R2
0x0063	0x0822      	MOVF       34, 0
0x0064	0x00F3      	MOVWF      R3
0x0065	0x0821      	MOVF       33, 0
0x0066	0x00F4      	MOVWF      R4
0x0067	0x084B      	MOVF       ___savePCLATH, 0
0x0068	0x008A      	MOVWF      PCLATH
0x0069	0x0E4C      	SWAPF      ___saveSTATUS, 0
0x006A	0x0083      	MOVWF      STATUS
0x006B	0x0EFF      	SWAPF      R15, 1
0x006C	0x0E7F      	SWAPF      R15, 0
0x006D	0x0009      	RETFIE
; end of _interrupt
_Div_32x32_U:
;__Lib_Math.c,1318 :: 		
;__Lib_Math.c,1327 :: 		
;__Lib_Math.c,1329 :: 		
0x006E	0x1283      	BCF        STATUS, 5
;__Lib_Math.c,1330 :: 		
0x006F	0x1303      	BCF        STATUS, 6
;__Lib_Math.c,1331 :: 		
0x0070	0x01FB      	CLRF       R11
;__Lib_Math.c,1332 :: 		
0x0071	0x01FA      	CLRF       R10
;__Lib_Math.c,1333 :: 		
0x0072	0x01F9      	CLRF       R9
;__Lib_Math.c,1334 :: 		
0x0073	0x01F8      	CLRF       R8
;__Lib_Math.c,1336 :: 		
0x0074	0x01A0      	CLRF       ___math_tempb
;__Lib_Math.c,1338 :: 		
0x0075	0x0D73      	RLF        R3, 0
;__Lib_Math.c,1339 :: 		
0x0076	0x0DF8      	RLF        R8, 1
;__Lib_Math.c,1340 :: 		
0x0077	0x0874      	MOVF       R4, 0
;__Lib_Math.c,1341 :: 		
0x0078	0x02F8      	SUBWF      R8, 1
;__Lib_Math.c,1342 :: 		
0x0079	0x0875      	MOVF       R5, 0
;__Lib_Math.c,1343 :: 		
0x007A	0x1C03      	BTFSS      STATUS, 0
;__Lib_Math.c,1344 :: 		
0x007B	0x0F75      	INCFSZ     R5, 0
;__Lib_Math.c,1345 :: 		
0x007C	0x02F9      	SUBWF      R9, 1
;__Lib_Math.c,1346 :: 		
0x007D	0x0876      	MOVF       R6, 0
;__Lib_Math.c,1347 :: 		
0x007E	0x1C03      	BTFSS      STATUS, 0
;__Lib_Math.c,1348 :: 		
0x007F	0x0F76      	INCFSZ     R6, 0
;__Lib_Math.c,1349 :: 		
0x0080	0x02FA      	SUBWF      R10, 1
;__Lib_Math.c,1350 :: 		
0x0081	0x0877      	MOVF       R7, 0
;__Lib_Math.c,1351 :: 		
0x0082	0x1C03      	BTFSS      STATUS, 0
;__Lib_Math.c,1352 :: 		
0x0083	0x0F77      	INCFSZ     R7, 0
;__Lib_Math.c,1353 :: 		
0x0084	0x02FB      	SUBWF      R11, 1
;__Lib_Math.c,1355 :: 		
0x0085	0x0100      	CLRW
;__Lib_Math.c,1356 :: 		
0x0086	0x1C03      	BTFSS      STATUS, 0
;__Lib_Math.c,1357 :: 		
0x0087	0x3001      	MOVLW      1
;__Lib_Math.c,1358 :: 		
0x0088	0x02A0      	SUBWF      ___math_tempb, 1
;__Lib_Math.c,1359 :: 		
0x0089	0x0DF3      	RLF        R3, 1
;__Lib_Math.c,1361 :: 		
0x008A	0x3007      	MOVLW      7
;__Lib_Math.c,1362 :: 		
0x008B	0x00FC      	MOVWF      R12
;__Lib_Math.c,1364 :: 		
LOOPU3232A:
;__Lib_Math.c,1365 :: 		
0x008C	0x0D73      	RLF        R3, 0
;__Lib_Math.c,1366 :: 		
0x008D	0x0DF8      	RLF        R8, 1
;__Lib_Math.c,1367 :: 		
0x008E	0x0DF9      	RLF        R9, 1
;__Lib_Math.c,1368 :: 		
0x008F	0x0DFA      	RLF        R10, 1
;__Lib_Math.c,1369 :: 		
0x0090	0x0DFB      	RLF        R11, 1
;__Lib_Math.c,1370 :: 		
0x0091	0x0DA0      	RLF        ___math_tempb, 1
;__Lib_Math.c,1371 :: 		
0x0092	0x0874      	MOVF       R4, 0
;__Lib_Math.c,1372 :: 		
0x0093	0x1C73      	BTFSS      R3, 0
;__Lib_Math.c,1373 :: 		
0x0094	0x28A7      	GOTO       UADD22LA
;__Lib_Math.c,1375 :: 		
0x0095	0x02F8      	SUBWF      R8, 1
;__Lib_Math.c,1376 :: 		
0x0096	0x0875      	MOVF       R5, 0
;__Lib_Math.c,1377 :: 		
0x0097	0x1C03      	BTFSS      STATUS, 0
;__Lib_Math.c,1378 :: 		
0x0098	0x0F75      	INCFSZ     R5, 0
;__Lib_Math.c,1379 :: 		
0x0099	0x02F9      	SUBWF      R9, 1
;__Lib_Math.c,1380 :: 		
0x009A	0x0876      	MOVF       R6, 0
;__Lib_Math.c,1381 :: 		
0x009B	0x1C03      	BTFSS      STATUS, 0
;__Lib_Math.c,1382 :: 		
0x009C	0x0F76      	INCFSZ     R6, 0
;__Lib_Math.c,1383 :: 		
0x009D	0x02FA      	SUBWF      R10, 1
;__Lib_Math.c,1384 :: 		
0x009E	0x0877      	MOVF       R7, 0
;__Lib_Math.c,1385 :: 		
0x009F	0x1C03      	BTFSS      STATUS, 0
;__Lib_Math.c,1386 :: 		
0x00A0	0x0F77      	INCFSZ     R7, 0
;__Lib_Math.c,1387 :: 		
0x00A1	0x02FB      	SUBWF      R11, 1
;__Lib_Math.c,1388 :: 		
0x00A2	0x0100      	CLRW
;__Lib_Math.c,1389 :: 		
0x00A3	0x1C03      	BTFSS      STATUS, 0
;__Lib_Math.c,1390 :: 		
0x00A4	0x3001      	MOVLW      1
;__Lib_Math.c,1391 :: 		
0x00A5	0x02A0      	SUBWF      ___math_tempb, 1
;__Lib_Math.c,1392 :: 		
0x00A6	0x28B8      	GOTO       UOK22LA
;__Lib_Math.c,1394 :: 		
UADD22LA:
;__Lib_Math.c,1395 :: 		
0x00A7	0x07F8      	ADDWF      R8, 1
;__Lib_Math.c,1396 :: 		
0x00A8	0x0875      	MOVF       R5, 0
;__Lib_Math.c,1397 :: 		
0x00A9	0x1803      	BTFSC      STATUS, 0
;__Lib_Math.c,1398 :: 		
0x00AA	0x0F75      	INCFSZ     R5, 0
;__Lib_Math.c,1399 :: 		
0x00AB	0x07F9      	ADDWF      R9, 1
;__Lib_Math.c,1400 :: 		
0x00AC	0x0876      	MOVF       R6, 0
;__Lib_Math.c,1401 :: 		
0x00AD	0x1803      	BTFSC      STATUS, 0
;__Lib_Math.c,1402 :: 		
0x00AE	0x0F76      	INCFSZ     R6, 0
;__Lib_Math.c,1403 :: 		
0x00AF	0x07FA      	ADDWF      R10, 1
;__Lib_Math.c,1404 :: 		
0x00B0	0x0877      	MOVF       R7, 0
;__Lib_Math.c,1405 :: 		
0x00B1	0x1803      	BTFSC      STATUS, 0
;__Lib_Math.c,1406 :: 		
0x00B2	0x0F77      	INCFSZ     R7, 0
;__Lib_Math.c,1407 :: 		
0x00B3	0x07FB      	ADDWF      R11, 1
;__Lib_Math.c,1408 :: 		
0x00B4	0x0100      	CLRW
;__Lib_Math.c,1409 :: 		
0x00B5	0x1803      	BTFSC      STATUS, 0
;__Lib_Math.c,1410 :: 		
0x00B6	0x3001      	MOVLW      1
;__Lib_Math.c,1411 :: 		
0x00B7	0x07A0      	ADDWF      ___math_tempb, 1
;__Lib_Math.c,1413 :: 		
UOK22LA:
;__Lib_Math.c,1414 :: 		
0x00B8	0x0DF3      	RLF        R3, 1
;__Lib_Math.c,1416 :: 		
0x00B9	0x0BFC      	DECFSZ     R12, 1
;__Lib_Math.c,1417 :: 		
0x00BA	0x288C      	GOTO       LOOPU3232A
;__Lib_Math.c,1419 :: 		
0x00BB	0x0D72      	RLF        R2, 0
;__Lib_Math.c,1420 :: 		
0x00BC	0x0DF8      	RLF        R8, 1
;__Lib_Math.c,1421 :: 		
0x00BD	0x0DF9      	RLF        R9, 1
;__Lib_Math.c,1422 :: 		
0x00BE	0x0DFA      	RLF        R10, 1
;__Lib_Math.c,1423 :: 		
0x00BF	0x0DFB      	RLF        R11, 1
;__Lib_Math.c,1424 :: 		
0x00C0	0x0DA0      	RLF        ___math_tempb, 1
;__Lib_Math.c,1425 :: 		
0x00C1	0x0874      	MOVF       R4, 0
;__Lib_Math.c,1426 :: 		
0x00C2	0x1C73      	BTFSS      R3, 0
;__Lib_Math.c,1427 :: 		
0x00C3	0x28D6      	GOTO       UADD22L8
;__Lib_Math.c,1429 :: 		
0x00C4	0x02F8      	SUBWF      R8, 1
;__Lib_Math.c,1430 :: 		
0x00C5	0x0875      	MOVF       R5, 0
;__Lib_Math.c,1431 :: 		
0x00C6	0x1C03      	BTFSS      STATUS, 0
;__Lib_Math.c,1432 :: 		
0x00C7	0x0F75      	INCFSZ     R5, 0
;__Lib_Math.c,1433 :: 		
0x00C8	0x02F9      	SUBWF      R9, 1
;__Lib_Math.c,1434 :: 		
0x00C9	0x0876      	MOVF       R6, 0
;__Lib_Math.c,1435 :: 		
0x00CA	0x1C03      	BTFSS      STATUS, 0
;__Lib_Math.c,1436 :: 		
0x00CB	0x0F76      	INCFSZ     R6, 0
;__Lib_Math.c,1437 :: 		
0x00CC	0x02FA      	SUBWF      R10, 1
;__Lib_Math.c,1438 :: 		
0x00CD	0x0877      	MOVF       R7, 0
;__Lib_Math.c,1439 :: 		
0x00CE	0x1C03      	BTFSS      STATUS, 0
;__Lib_Math.c,1440 :: 		
0x00CF	0x0F77      	INCFSZ     R7, 0
;__Lib_Math.c,1441 :: 		
0x00D0	0x02FB      	SUBWF      R11, 1
;__Lib_Math.c,1442 :: 		
0x00D1	0x0100      	CLRW
;__Lib_Math.c,1443 :: 		
0x00D2	0x1C03      	BTFSS      STATUS, 0
;__Lib_Math.c,1444 :: 		
0x00D3	0x3001      	MOVLW      1
;__Lib_Math.c,1445 :: 		
0x00D4	0x02A0      	SUBWF      ___math_tempb, 1
;__Lib_Math.c,1446 :: 		
0x00D5	0x28E7      	GOTO       UOK22L8
;__Lib_Math.c,1448 :: 		
UADD22L8:
;__Lib_Math.c,1449 :: 		
0x00D6	0x07F8      	ADDWF      R8, 1
;__Lib_Math.c,1450 :: 		
0x00D7	0x0875      	MOVF       R5, 0
;__Lib_Math.c,1451 :: 		
0x00D8	0x1803      	BTFSC      STATUS, 0
;__Lib_Math.c,1452 :: 		
0x00D9	0x0F75      	INCFSZ     R5, 0
;__Lib_Math.c,1453 :: 		
0x00DA	0x07F9      	ADDWF      R9, 1
;__Lib_Math.c,1454 :: 		
0x00DB	0x0876      	MOVF       R6, 0
;__Lib_Math.c,1455 :: 		
0x00DC	0x1803      	BTFSC      STATUS, 0
;__Lib_Math.c,1456 :: 		
0x00DD	0x0F76      	INCFSZ     R6, 0
;__Lib_Math.c,1457 :: 		
0x00DE	0x07FA      	ADDWF      R10, 1
;__Lib_Math.c,1458 :: 		
0x00DF	0x0877      	MOVF       R7, 0
;__Lib_Math.c,1459 :: 		
0x00E0	0x1803      	BTFSC      STATUS, 0
;__Lib_Math.c,1460 :: 		
0x00E1	0x0F77      	INCFSZ     R7, 0
;__Lib_Math.c,1461 :: 		
0x00E2	0x07FB      	ADDWF      R11, 1
;__Lib_Math.c,1462 :: 		
0x00E3	0x0100      	CLRW
;__Lib_Math.c,1463 :: 		
0x00E4	0x1803      	BTFSC      STATUS, 0
;__Lib_Math.c,1464 :: 		
0x00E5	0x3001      	MOVLW      1
;__Lib_Math.c,1465 :: 		
0x00E6	0x07A0      	ADDWF      ___math_tempb, 1
;__Lib_Math.c,1467 :: 		
UOK22L8:
;__Lib_Math.c,1468 :: 		
0x00E7	0x0DF2      	RLF        R2, 1
;__Lib_Math.c,1470 :: 		
0x00E8	0x3007      	MOVLW      7
;__Lib_Math.c,1471 :: 		
0x00E9	0x00FC      	MOVWF      R12
;__Lib_Math.c,1473 :: 		
LOOPU3232B:
;__Lib_Math.c,1474 :: 		
0x00EA	0x0D72      	RLF        R2, 0
;__Lib_Math.c,1475 :: 		
0x00EB	0x0DF8      	RLF        R8, 1
;__Lib_Math.c,1476 :: 		
0x00EC	0x0DF9      	RLF        R9, 1
;__Lib_Math.c,1477 :: 		
0x00ED	0x0DFA      	RLF        R10, 1
;__Lib_Math.c,1478 :: 		
0x00EE	0x0DFB      	RLF        R11, 1
;__Lib_Math.c,1479 :: 		
0x00EF	0x0DA0      	RLF        ___math_tempb, 1
;__Lib_Math.c,1480 :: 		
0x00F0	0x0874      	MOVF       R4, 0
;__Lib_Math.c,1481 :: 		
0x00F1	0x1C72      	BTFSS      R2, 0
;__Lib_Math.c,1482 :: 		
0x00F2	0x2905      	GOTO       UADD22LB
;__Lib_Math.c,1484 :: 		
0x00F3	0x02F8      	SUBWF      R8, 1
;__Lib_Math.c,1485 :: 		
0x00F4	0x0875      	MOVF       R5, 0
;__Lib_Math.c,1486 :: 		
0x00F5	0x1C03      	BTFSS      STATUS, 0
;__Lib_Math.c,1487 :: 		
0x00F6	0x0F75      	INCFSZ     R5, 0
;__Lib_Math.c,1488 :: 		
0x00F7	0x02F9      	SUBWF      R9, 1
;__Lib_Math.c,1489 :: 		
0x00F8	0x0876      	MOVF       R6, 0
;__Lib_Math.c,1490 :: 		
0x00F9	0x1C03      	BTFSS      STATUS, 0
;__Lib_Math.c,1491 :: 		
0x00FA	0x0F76      	INCFSZ     R6, 0
;__Lib_Math.c,1492 :: 		
0x00FB	0x02FA      	SUBWF      R10, 1
;__Lib_Math.c,1493 :: 		
0x00FC	0x0877      	MOVF       R7, 0
;__Lib_Math.c,1494 :: 		
0x00FD	0x1C03      	BTFSS      STATUS, 0
;__Lib_Math.c,1495 :: 		
0x00FE	0x0F77      	INCFSZ     R7, 0
;__Lib_Math.c,1496 :: 		
0x00FF	0x02FB      	SUBWF      R11, 1
;__Lib_Math.c,1497 :: 		
0x0100	0x0100      	CLRW
;__Lib_Math.c,1498 :: 		
0x0101	0x1C03      	BTFSS      STATUS, 0
;__Lib_Math.c,1499 :: 		
0x0102	0x3001      	MOVLW      1
;__Lib_Math.c,1500 :: 		
0x0103	0x02A0      	SUBWF      ___math_tempb, 1
;__Lib_Math.c,1501 :: 		
0x0104	0x2916      	GOTO       UOK22LB
;__Lib_Math.c,1503 :: 		
UADD22LB:
;__Lib_Math.c,1504 :: 		
0x0105	0x07F8      	ADDWF      R8, 1
;__Lib_Math.c,1505 :: 		
0x0106	0x0875      	MOVF       R5, 0
;__Lib_Math.c,1506 :: 		
0x0107	0x1803      	BTFSC      STATUS, 0
;__Lib_Math.c,1507 :: 		
0x0108	0x0F75      	INCFSZ     R5, 0
;__Lib_Math.c,1508 :: 		
0x0109	0x07F9      	ADDWF      R9, 1
;__Lib_Math.c,1509 :: 		
0x010A	0x0876      	MOVF       R6, 0
;__Lib_Math.c,1510 :: 		
0x010B	0x1803      	BTFSC      STATUS, 0
;__Lib_Math.c,1511 :: 		
0x010C	0x0F76      	INCFSZ     R6, 0
;__Lib_Math.c,1512 :: 		
0x010D	0x07FA      	ADDWF      R10, 1
;__Lib_Math.c,1513 :: 		
0x010E	0x0877      	MOVF       R7, 0
;__Lib_Math.c,1514 :: 		
0x010F	0x1803      	BTFSC      STATUS, 0
;__Lib_Math.c,1515 :: 		
0x0110	0x0F77      	INCFSZ     R7, 0
;__Lib_Math.c,1516 :: 		
0x0111	0x07FB      	ADDWF      R11, 1
;__Lib_Math.c,1517 :: 		
0x0112	0x0100      	CLRW
;__Lib_Math.c,1518 :: 		
0x0113	0x1803      	BTFSC      STATUS, 0
;__Lib_Math.c,1519 :: 		
0x0114	0x3001      	MOVLW      1
;__Lib_Math.c,1520 :: 		
0x0115	0x07A0      	ADDWF      ___math_tempb, 1
;__Lib_Math.c,1522 :: 		
UOK22LB:
;__Lib_Math.c,1523 :: 		
0x0116	0x0DF2      	RLF        R2, 1
;__Lib_Math.c,1525 :: 		
0x0117	0x0BFC      	DECFSZ     R12, 1
;__Lib_Math.c,1526 :: 		
0x0118	0x28EA      	GOTO       LOOPU3232B
;__Lib_Math.c,1528 :: 		
0x0119	0x0D71      	RLF        R1, 0
;__Lib_Math.c,1529 :: 		
0x011A	0x0DF8      	RLF        R8, 1
;__Lib_Math.c,1530 :: 		
0x011B	0x0DF9      	RLF        R9, 1
;__Lib_Math.c,1531 :: 		
0x011C	0x0DFA      	RLF        R10, 1
;__Lib_Math.c,1532 :: 		
0x011D	0x0DFB      	RLF        R11, 1
;__Lib_Math.c,1533 :: 		
0x011E	0x0DA0      	RLF        ___math_tempb, 1
;__Lib_Math.c,1534 :: 		
0x011F	0x0874      	MOVF       R4, 0
;__Lib_Math.c,1535 :: 		
0x0120	0x1C72      	BTFSS      R2, 0
;__Lib_Math.c,1536 :: 		
0x0121	0x2934      	GOTO       UADD22L16
;__Lib_Math.c,1538 :: 		
0x0122	0x02F8      	SUBWF      R8, 1
;__Lib_Math.c,1539 :: 		
0x0123	0x0875      	MOVF       R5, 0
;__Lib_Math.c,1540 :: 		
0x0124	0x1C03      	BTFSS      STATUS, 0
;__Lib_Math.c,1541 :: 		
0x0125	0x0F75      	INCFSZ     R5, 0
;__Lib_Math.c,1542 :: 		
0x0126	0x02F9      	SUBWF      R9, 1
;__Lib_Math.c,1543 :: 		
0x0127	0x0876      	MOVF       R6, 0
;__Lib_Math.c,1544 :: 		
0x0128	0x1C03      	BTFSS      STATUS, 0
;__Lib_Math.c,1545 :: 		
0x0129	0x0F76      	INCFSZ     R6, 0
;__Lib_Math.c,1546 :: 		
0x012A	0x02FA      	SUBWF      R10, 1
;__Lib_Math.c,1547 :: 		
0x012B	0x0877      	MOVF       R7, 0
;__Lib_Math.c,1548 :: 		
0x012C	0x1C03      	BTFSS      STATUS, 0
;__Lib_Math.c,1549 :: 		
0x012D	0x0F77      	INCFSZ     R7, 0
;__Lib_Math.c,1550 :: 		
0x012E	0x02FB      	SUBWF      R11, 1
;__Lib_Math.c,1551 :: 		
0x012F	0x0100      	CLRW
;__Lib_Math.c,1552 :: 		
0x0130	0x1C03      	BTFSS      STATUS, 0
;__Lib_Math.c,1553 :: 		
0x0131	0x3001      	MOVLW      1
;__Lib_Math.c,1554 :: 		
0x0132	0x02A0      	SUBWF      ___math_tempb, 1
;__Lib_Math.c,1555 :: 		
0x0133	0x2945      	GOTO       UOK22L16
;__Lib_Math.c,1557 :: 		
UADD22L16:
;__Lib_Math.c,1558 :: 		
0x0134	0x07F8      	ADDWF      R8, 1
;__Lib_Math.c,1559 :: 		
0x0135	0x0875      	MOVF       R5, 0
;__Lib_Math.c,1560 :: 		
0x0136	0x1803      	BTFSC      STATUS, 0
;__Lib_Math.c,1561 :: 		
0x0137	0x0F75      	INCFSZ     R5, 0
;__Lib_Math.c,1562 :: 		
0x0138	0x07F9      	ADDWF      R9, 1
;__Lib_Math.c,1563 :: 		
0x0139	0x0876      	MOVF       R6, 0
;__Lib_Math.c,1564 :: 		
0x013A	0x1803      	BTFSC      STATUS, 0
;__Lib_Math.c,1565 :: 		
0x013B	0x0F76      	INCFSZ     R6, 0
;__Lib_Math.c,1566 :: 		
0x013C	0x07FA      	ADDWF      R10, 1
;__Lib_Math.c,1567 :: 		
0x013D	0x0877      	MOVF       R7, 0
;__Lib_Math.c,1568 :: 		
0x013E	0x1803      	BTFSC      STATUS, 0
;__Lib_Math.c,1569 :: 		
0x013F	0x0F77      	INCFSZ     R7, 0
;__Lib_Math.c,1570 :: 		
0x0140	0x07FB      	ADDWF      R11, 1
;__Lib_Math.c,1571 :: 		
0x0141	0x0100      	CLRW
;__Lib_Math.c,1572 :: 		
0x0142	0x1803      	BTFSC      STATUS, 0
;__Lib_Math.c,1573 :: 		
0x0143	0x3001      	MOVLW      1
;__Lib_Math.c,1574 :: 		
0x0144	0x07A0      	ADDWF      ___math_tempb, 1
;__Lib_Math.c,1576 :: 		
UOK22L16:
;__Lib_Math.c,1577 :: 		
0x0145	0x0DF1      	RLF        R1, 1
;__Lib_Math.c,1579 :: 		
0x0146	0x3007      	MOVLW      7
;__Lib_Math.c,1580 :: 		
0x0147	0x00FC      	MOVWF      R12
;__Lib_Math.c,1582 :: 		
LOOPU3232C:
;__Lib_Math.c,1583 :: 		
0x0148	0x0D71      	RLF        R1, 0
;__Lib_Math.c,1584 :: 		
0x0149	0x0DF8      	RLF        R8, 1
;__Lib_Math.c,1585 :: 		
0x014A	0x0DF9      	RLF        R9, 1
;__Lib_Math.c,1586 :: 		
0x014B	0x0DFA      	RLF        R10, 1
;__Lib_Math.c,1587 :: 		
0x014C	0x0DFB      	RLF        R11, 1
;__Lib_Math.c,1588 :: 		
0x014D	0x0DA0      	RLF        ___math_tempb, 1
;__Lib_Math.c,1589 :: 		
0x014E	0x0874      	MOVF       R4, 0
;__Lib_Math.c,1590 :: 		
0x014F	0x1C71      	BTFSS      R1, 0
;__Lib_Math.c,1591 :: 		
0x0150	0x2963      	GOTO       UADD22LC
;__Lib_Math.c,1593 :: 		
0x0151	0x02F8      	SUBWF      R8, 1
;__Lib_Math.c,1594 :: 		
0x0152	0x0875      	MOVF       R5, 0
;__Lib_Math.c,1595 :: 		
0x0153	0x1C03      	BTFSS      STATUS, 0
;__Lib_Math.c,1596 :: 		
0x0154	0x0F75      	INCFSZ     R5, 0
;__Lib_Math.c,1597 :: 		
0x0155	0x02F9      	SUBWF      R9, 1
;__Lib_Math.c,1598 :: 		
0x0156	0x0876      	MOVF       R6, 0
;__Lib_Math.c,1599 :: 		
0x0157	0x1C03      	BTFSS      STATUS, 0
;__Lib_Math.c,1600 :: 		
0x0158	0x0F76      	INCFSZ     R6, 0
;__Lib_Math.c,1601 :: 		
0x0159	0x02FA      	SUBWF      R10, 1
;__Lib_Math.c,1602 :: 		
0x015A	0x0877      	MOVF       R7, 0
;__Lib_Math.c,1603 :: 		
0x015B	0x1C03      	BTFSS      STATUS, 0
;__Lib_Math.c,1604 :: 		
0x015C	0x0F77      	INCFSZ     R7, 0
;__Lib_Math.c,1605 :: 		
0x015D	0x02FB      	SUBWF      R11, 1
;__Lib_Math.c,1606 :: 		
0x015E	0x0100      	CLRW
;__Lib_Math.c,1607 :: 		
0x015F	0x1C03      	BTFSS      STATUS, 0
;__Lib_Math.c,1608 :: 		
0x0160	0x3001      	MOVLW      1
;__Lib_Math.c,1609 :: 		
0x0161	0x02A0      	SUBWF      ___math_tempb, 1
;__Lib_Math.c,1610 :: 		
0x0162	0x2974      	GOTO       UOK22LC
;__Lib_Math.c,1612 :: 		
UADD22LC:
;__Lib_Math.c,1613 :: 		
0x0163	0x07F8      	ADDWF      R8, 1
;__Lib_Math.c,1614 :: 		
0x0164	0x0875      	MOVF       R5, 0
;__Lib_Math.c,1615 :: 		
0x0165	0x1803      	BTFSC      STATUS, 0
;__Lib_Math.c,1616 :: 		
0x0166	0x0F75      	INCFSZ     R5, 0
;__Lib_Math.c,1617 :: 		
0x0167	0x07F9      	ADDWF      R9, 1
;__Lib_Math.c,1618 :: 		
0x0168	0x0876      	MOVF       R6, 0
;__Lib_Math.c,1619 :: 		
0x0169	0x1803      	BTFSC      STATUS, 0
;__Lib_Math.c,1620 :: 		
0x016A	0x0F76      	INCFSZ     R6, 0
;__Lib_Math.c,1621 :: 		
0x016B	0x07FA      	ADDWF      R10, 1
;__Lib_Math.c,1622 :: 		
0x016C	0x0877      	MOVF       R7, 0
;__Lib_Math.c,1623 :: 		
0x016D	0x1803      	BTFSC      STATUS, 0
;__Lib_Math.c,1624 :: 		
0x016E	0x0F77      	INCFSZ     R7, 0
;__Lib_Math.c,1625 :: 		
0x016F	0x07FB      	ADDWF      R11, 1
;__Lib_Math.c,1626 :: 		
0x0170	0x0100      	CLRW
;__Lib_Math.c,1627 :: 		
0x0171	0x1803      	BTFSC      STATUS, 0
;__Lib_Math.c,1628 :: 		
0x0172	0x3001      	MOVLW      1
;__Lib_Math.c,1629 :: 		
0x0173	0x07A0      	ADDWF      ___math_tempb, 1
;__Lib_Math.c,1631 :: 		
UOK22LC:
;__Lib_Math.c,1632 :: 		
0x0174	0x0DF1      	RLF        R1, 1
;__Lib_Math.c,1634 :: 		
0x0175	0x0BFC      	DECFSZ     R12, 1
;__Lib_Math.c,1635 :: 		
0x0176	0x2948      	GOTO       LOOPU3232C
;__Lib_Math.c,1637 :: 		
0x0177	0x0D70      	RLF        R0, 0
;__Lib_Math.c,1638 :: 		
0x0178	0x0DF8      	RLF        R8, 1
;__Lib_Math.c,1639 :: 		
0x0179	0x0DF9      	RLF        R9, 1
;__Lib_Math.c,1640 :: 		
0x017A	0x0DFA      	RLF        R10, 1
;__Lib_Math.c,1641 :: 		
0x017B	0x0DFB      	RLF        R11, 1
;__Lib_Math.c,1642 :: 		
0x017C	0x0DA0      	RLF        ___math_tempb, 1
;__Lib_Math.c,1643 :: 		
0x017D	0x0874      	MOVF       R4, 0
;__Lib_Math.c,1644 :: 		
0x017E	0x1C71      	BTFSS      R1, 0
;__Lib_Math.c,1645 :: 		
0x017F	0x2992      	GOTO       UADD22L24
;__Lib_Math.c,1647 :: 		
0x0180	0x02F8      	SUBWF      R8, 1
;__Lib_Math.c,1648 :: 		
0x0181	0x0875      	MOVF       R5, 0
;__Lib_Math.c,1649 :: 		
0x0182	0x1C03      	BTFSS      STATUS, 0
;__Lib_Math.c,1650 :: 		
0x0183	0x0F75      	INCFSZ     R5, 0
;__Lib_Math.c,1651 :: 		
0x0184	0x02F9      	SUBWF      R9, 1
;__Lib_Math.c,1652 :: 		
0x0185	0x0876      	MOVF       R6, 0
;__Lib_Math.c,1653 :: 		
0x0186	0x1C03      	BTFSS      STATUS, 0
;__Lib_Math.c,1654 :: 		
0x0187	0x0F76      	INCFSZ     R6, 0
;__Lib_Math.c,1655 :: 		
0x0188	0x02FA      	SUBWF      R10, 1
;__Lib_Math.c,1656 :: 		
0x0189	0x0877      	MOVF       R7, 0
;__Lib_Math.c,1657 :: 		
0x018A	0x1C03      	BTFSS      STATUS, 0
;__Lib_Math.c,1658 :: 		
0x018B	0x0F77      	INCFSZ     R7, 0
;__Lib_Math.c,1659 :: 		
0x018C	0x02FB      	SUBWF      R11, 1
;__Lib_Math.c,1660 :: 		
0x018D	0x0100      	CLRW
;__Lib_Math.c,1661 :: 		
0x018E	0x1C03      	BTFSS      STATUS, 0
;__Lib_Math.c,1662 :: 		
0x018F	0x3001      	MOVLW      1
;__Lib_Math.c,1663 :: 		
0x0190	0x02A0      	SUBWF      ___math_tempb, 1
;__Lib_Math.c,1664 :: 		
0x0191	0x29A3      	GOTO       UOK22L24
;__Lib_Math.c,1666 :: 		
UADD22L24:
;__Lib_Math.c,1667 :: 		
0x0192	0x07F8      	ADDWF      R8, 1
;__Lib_Math.c,1668 :: 		
0x0193	0x0875      	MOVF       R5, 0
;__Lib_Math.c,1669 :: 		
0x0194	0x1803      	BTFSC      STATUS, 0
;__Lib_Math.c,1670 :: 		
0x0195	0x0F75      	INCFSZ     R5, 0
;__Lib_Math.c,1671 :: 		
0x0196	0x07F9      	ADDWF      R9, 1
;__Lib_Math.c,1672 :: 		
0x0197	0x0876      	MOVF       R6, 0
;__Lib_Math.c,1673 :: 		
0x0198	0x1803      	BTFSC      STATUS, 0
;__Lib_Math.c,1674 :: 		
0x0199	0x0F76      	INCFSZ     R6, 0
;__Lib_Math.c,1675 :: 		
0x019A	0x07FA      	ADDWF      R10, 1
;__Lib_Math.c,1676 :: 		
0x019B	0x0877      	MOVF       R7, 0
;__Lib_Math.c,1677 :: 		
0x019C	0x1803      	BTFSC      STATUS, 0
;__Lib_Math.c,1678 :: 		
0x019D	0x0F77      	INCFSZ     R7, 0
;__Lib_Math.c,1679 :: 		
0x019E	0x07FB      	ADDWF      R11, 1
;__Lib_Math.c,1680 :: 		
0x019F	0x0100      	CLRW
;__Lib_Math.c,1681 :: 		
0x01A0	0x1803      	BTFSC      STATUS, 0
;__Lib_Math.c,1682 :: 		
0x01A1	0x3001      	MOVLW      1
;__Lib_Math.c,1683 :: 		
0x01A2	0x07A0      	ADDWF      ___math_tempb, 1
;__Lib_Math.c,1685 :: 		
UOK22L24:
;__Lib_Math.c,1686 :: 		
0x01A3	0x0DF0      	RLF        R0, 1
;__Lib_Math.c,1688 :: 		
0x01A4	0x3007      	MOVLW      7
;__Lib_Math.c,1689 :: 		
0x01A5	0x00FC      	MOVWF      R12
;__Lib_Math.c,1691 :: 		
LOOPU3232D:
;__Lib_Math.c,1692 :: 		
0x01A6	0x0D70      	RLF        R0, 0
;__Lib_Math.c,1693 :: 		
0x01A7	0x0DF8      	RLF        R8, 1
;__Lib_Math.c,1694 :: 		
0x01A8	0x0DF9      	RLF        R9, 1
;__Lib_Math.c,1695 :: 		
0x01A9	0x0DFA      	RLF        R10, 1
;__Lib_Math.c,1696 :: 		
0x01AA	0x0DFB      	RLF        R11, 1
;__Lib_Math.c,1697 :: 		
0x01AB	0x0DA0      	RLF        ___math_tempb, 1
;__Lib_Math.c,1698 :: 		
0x01AC	0x0874      	MOVF       R4, 0
;__Lib_Math.c,1699 :: 		
0x01AD	0x1C70      	BTFSS      R0, 0
;__Lib_Math.c,1700 :: 		
0x01AE	0x29C1      	GOTO       UADD22LD
;__Lib_Math.c,1702 :: 		
0x01AF	0x02F8      	SUBWF      R8, 1
;__Lib_Math.c,1703 :: 		
0x01B0	0x0875      	MOVF       R5, 0
;__Lib_Math.c,1704 :: 		
0x01B1	0x1C03      	BTFSS      STATUS, 0
;__Lib_Math.c,1705 :: 		
0x01B2	0x0F75      	INCFSZ     R5, 0
;__Lib_Math.c,1706 :: 		
0x01B3	0x02F9      	SUBWF      R9, 1
;__Lib_Math.c,1707 :: 		
0x01B4	0x0876      	MOVF       R6, 0
;__Lib_Math.c,1708 :: 		
0x01B5	0x1C03      	BTFSS      STATUS, 0
;__Lib_Math.c,1709 :: 		
0x01B6	0x0F76      	INCFSZ     R6, 0
;__Lib_Math.c,1710 :: 		
0x01B7	0x02FA      	SUBWF      R10, 1
;__Lib_Math.c,1711 :: 		
0x01B8	0x0877      	MOVF       R7, 0
;__Lib_Math.c,1712 :: 		
0x01B9	0x1C03      	BTFSS      STATUS, 0
;__Lib_Math.c,1713 :: 		
0x01BA	0x0F77      	INCFSZ     R7, 0
;__Lib_Math.c,1714 :: 		
0x01BB	0x02FB      	SUBWF      R11, 1
;__Lib_Math.c,1715 :: 		
0x01BC	0x0100      	CLRW
;__Lib_Math.c,1716 :: 		
0x01BD	0x1C03      	BTFSS      STATUS, 0
;__Lib_Math.c,1717 :: 		
0x01BE	0x3001      	MOVLW      1
;__Lib_Math.c,1718 :: 		
0x01BF	0x02A0      	SUBWF      ___math_tempb, 1
;__Lib_Math.c,1719 :: 		
0x01C0	0x29D2      	GOTO       UOK22LD
;__Lib_Math.c,1721 :: 		
UADD22LD:
;__Lib_Math.c,1722 :: 		
0x01C1	0x07F8      	ADDWF      R8, 1
;__Lib_Math.c,1723 :: 		
0x01C2	0x0875      	MOVF       R5, 0
;__Lib_Math.c,1724 :: 		
0x01C3	0x1803      	BTFSC      STATUS, 0
;__Lib_Math.c,1725 :: 		
0x01C4	0x0F75      	INCFSZ     R5, 0
;__Lib_Math.c,1726 :: 		
0x01C5	0x07F9      	ADDWF      R9, 1
;__Lib_Math.c,1727 :: 		
0x01C6	0x0876      	MOVF       R6, 0
;__Lib_Math.c,1728 :: 		
0x01C7	0x1803      	BTFSC      STATUS, 0
;__Lib_Math.c,1729 :: 		
0x01C8	0x0F76      	INCFSZ     R6, 0
;__Lib_Math.c,1730 :: 		
0x01C9	0x07FA      	ADDWF      R10, 1
;__Lib_Math.c,1731 :: 		
0x01CA	0x0877      	MOVF       R7, 0
;__Lib_Math.c,1732 :: 		
0x01CB	0x1803      	BTFSC      STATUS, 0
;__Lib_Math.c,1733 :: 		
0x01CC	0x0F77      	INCFSZ     R7, 0
;__Lib_Math.c,1734 :: 		
0x01CD	0x07FB      	ADDWF      R11, 1
;__Lib_Math.c,1735 :: 		
0x01CE	0x0100      	CLRW
;__Lib_Math.c,1736 :: 		
0x01CF	0x1803      	BTFSC      STATUS, 0
;__Lib_Math.c,1737 :: 		
0x01D0	0x3001      	MOVLW      1
;__Lib_Math.c,1738 :: 		
0x01D1	0x07A0      	ADDWF      ___math_tempb, 1
;__Lib_Math.c,1740 :: 		
UOK22LD:
;__Lib_Math.c,1741 :: 		
0x01D2	0x0DF0      	RLF        R0, 1
;__Lib_Math.c,1743 :: 		
0x01D3	0x0BFC      	DECFSZ     R12, 1
;__Lib_Math.c,1744 :: 		
0x01D4	0x29A6      	GOTO       LOOPU3232D
;__Lib_Math.c,1746 :: 		
0x01D5	0x1870      	BTFSC      R0, 0
;__Lib_Math.c,1747 :: 		
0x01D6	0x29E5      	GOTO       UOK22L
;__Lib_Math.c,1748 :: 		
0x01D7	0x0874      	MOVF       R4, 0
;__Lib_Math.c,1749 :: 		
0x01D8	0x07F8      	ADDWF      R8, 1
;__Lib_Math.c,1750 :: 		
0x01D9	0x0875      	MOVF       R5, 0
;__Lib_Math.c,1751 :: 		
0x01DA	0x1803      	BTFSC      STATUS, 0
;__Lib_Math.c,1752 :: 		
0x01DB	0x0F75      	INCFSZ     R5, 0
;__Lib_Math.c,1753 :: 		
0x01DC	0x07F9      	ADDWF      R9, 1
;__Lib_Math.c,1754 :: 		
0x01DD	0x0876      	MOVF       R6, 0
;__Lib_Math.c,1755 :: 		
0x01DE	0x1803      	BTFSC      STATUS, 0
;__Lib_Math.c,1756 :: 		
0x01DF	0x0F76      	INCFSZ     R6, 0
;__Lib_Math.c,1757 :: 		
0x01E0	0x07FA      	ADDWF      R10, 1
;__Lib_Math.c,1758 :: 		
0x01E1	0x0877      	MOVF       R7, 0
;__Lib_Math.c,1759 :: 		
0x01E2	0x1803      	BTFSC      STATUS, 0
;__Lib_Math.c,1760 :: 		
0x01E3	0x0F77      	INCFSZ     R7, 0
;__Lib_Math.c,1761 :: 		
0x01E4	0x07FB      	ADDWF      R11, 1
;__Lib_Math.c,1763 :: 		
UOK22L:
;__Lib_Math.c,1766 :: 		
L_end_Div_32x32_U:
0x01E5	0x0008      	RETURN
; end of _Div_32x32_U
_UART1_Init:
;__Lib_UART_c67.c,2 :: 		
;__Lib_UART_c67.c,5 :: 		
0x01E6	0x1683      	BSF        STATUS, 5
0x01E7	0x1303      	BCF        STATUS, 6
0x01E8	0x1698      	BSF        TXSTA, 5
;__Lib_UART_c67.c,6 :: 		
0x01E9	0x3090      	MOVLW      144
0x01EA	0x1283      	BCF        STATUS, 5
0x01EB	0x0098      	MOVWF      RCSTA
;__Lib_UART_c67.c,7 :: 		
0x01EC	0x1683      	BSF        STATUS, 5
0x01ED	0x1787      	BSF        TRISC7_bit, BitPos(TRISC7_bit+0)
;__Lib_UART_c67.c,8 :: 		
0x01EE	0x1307      	BCF        TRISC6_bit, BitPos(TRISC6_bit+0)
;__Lib_UART_c67.c,10 :: 		
L_UART1_Init0:
0x01EF	0x1283      	BCF        STATUS, 5
0x01F0	0x1E8C      	BTFSS      PIR1, 5
0x01F1	0x29F5      	GOTO       L_UART1_Init1
;__Lib_UART_c67.c,11 :: 		
0x01F2	0x081A      	MOVF       RCREG, 0
0x01F3	0x00F0      	MOVWF      R0
0x01F4	0x29EF      	GOTO       L_UART1_Init0
L_UART1_Init1:
;__Lib_UART_c67.c,12 :: 		
L_end_UART1_Init:
0x01F5	0x0008      	RETURN
; end of _UART1_Init
_Mul_32x32_U:
;__Lib_Math.c,1775 :: 		
;__Lib_Math.c,1790 :: 		
0x01F6	0x1283      	BCF        STATUS, 5
;__Lib_Math.c,1791 :: 		
0x01F7	0x1303      	BCF        STATUS, 6
;__Lib_Math.c,1792 :: 		
0x01F8	0x3022      	MOVLW      34
;__Lib_Math.c,1793 :: 		
0x01F9	0x00FC      	MOVWF      R12
;__Lib_Math.c,1794 :: 		
0x01FA	0x01F8      	CLRF       R8
;__Lib_Math.c,1795 :: 		
0x01FB	0x01F9      	CLRF       R9
;__Lib_Math.c,1796 :: 		
0x01FC	0x01FA      	CLRF       R10
;__Lib_Math.c,1797 :: 		
0x01FD	0x01FB      	CLRF       R11
;__Lib_Math.c,1799 :: 		
_NEXT:
;__Lib_Math.c,1803 :: 		
0x01FE	0x03FC      	DECF       R12, 1
;__Lib_Math.c,1804 :: 		
0x01FF	0x1903      	BTFSC      STATUS, 2
;__Lib_Math.c,1805 :: 		
0x0200	0x2A2C      	GOTO       _EXIT2
;__Lib_Math.c,1806 :: 		
0x0201	0x1003      	BCF        STATUS, 0
;__Lib_Math.c,1808 :: 		
_LOOP:
;__Lib_Math.c,1817 :: 		
0x0202	0x0CFB      	RRF        R11, 1
;__Lib_Math.c,1818 :: 		
0x0203	0x0CFA      	RRF        R10, 1
;__Lib_Math.c,1819 :: 		
0x0204	0x0CF9      	RRF        R9, 1
;__Lib_Math.c,1820 :: 		
0x0205	0x0CF8      	RRF        R8, 1
;__Lib_Math.c,1821 :: 		
0x0206	0x0CF3      	RRF        R3, 1
;__Lib_Math.c,1822 :: 		
0x0207	0x0CF2      	RRF        R2, 1
;__Lib_Math.c,1823 :: 		
0x0208	0x0CF1      	RRF        R1, 1
;__Lib_Math.c,1824 :: 		
0x0209	0x0CF0      	RRF        R0, 1
;__Lib_Math.c,1829 :: 		
0x020A	0x1C03      	BTFSS      STATUS, 0
;__Lib_Math.c,1830 :: 		
0x020B	0x29FE      	GOTO       _NEXT
;__Lib_Math.c,1831 :: 		
0x020C	0x03FC      	DECF       R12, 1
;__Lib_Math.c,1832 :: 		
0x020D	0x1903      	BTFSC      STATUS, 2
;__Lib_Math.c,1833 :: 		
0x020E	0x2A1E      	GOTO       _EXIT1
;__Lib_Math.c,1840 :: 		
0x020F	0x0874      	MOVF       R4, 0
;__Lib_Math.c,1841 :: 		
0x0210	0x07F8      	ADDWF      R8, 1
;__Lib_Math.c,1842 :: 		
0x0211	0x0875      	MOVF       R5, 0
;__Lib_Math.c,1843 :: 		
0x0212	0x1803      	BTFSC      STATUS, 0
;__Lib_Math.c,1844 :: 		
0x0213	0x0F75      	INCFSZ     R5, 0
;__Lib_Math.c,1845 :: 		
0x0214	0x07F9      	ADDWF      R9, 1
;__Lib_Math.c,1846 :: 		
0x0215	0x0876      	MOVF       R6, 0
;__Lib_Math.c,1847 :: 		
0x0216	0x1803      	BTFSC      STATUS, 0
;__Lib_Math.c,1848 :: 		
0x0217	0x0F76      	INCFSZ     R6, 0
;__Lib_Math.c,1849 :: 		
0x0218	0x07FA      	ADDWF      R10, 1
;__Lib_Math.c,1850 :: 		
0x0219	0x0877      	MOVF       R7, 0
;__Lib_Math.c,1851 :: 		
0x021A	0x1803      	BTFSC      STATUS, 0
;__Lib_Math.c,1852 :: 		
0x021B	0x0F77      	INCFSZ     R7, 0
;__Lib_Math.c,1853 :: 		
0x021C	0x07FB      	ADDWF      R11, 1
;__Lib_Math.c,1855 :: 		
0x021D	0x2A02      	GOTO       _LOOP
;__Lib_Math.c,1857 :: 		
_EXIT1:
;__Lib_Math.c,1862 :: 		
0x021E	0x0874      	MOVF       R4, 0
;__Lib_Math.c,1863 :: 		
0x021F	0x07F8      	ADDWF      R8, 1
;__Lib_Math.c,1864 :: 		
0x0220	0x0875      	MOVF       R5, 0
;__Lib_Math.c,1865 :: 		
0x0221	0x1803      	BTFSC      STATUS, 0
;__Lib_Math.c,1866 :: 		
0x0222	0x0F75      	INCFSZ     R5, 0
;__Lib_Math.c,1867 :: 		
0x0223	0x07F9      	ADDWF      R9, 1
;__Lib_Math.c,1868 :: 		
0x0224	0x0876      	MOVF       R6, 0
;__Lib_Math.c,1869 :: 		
0x0225	0x1803      	BTFSC      STATUS, 0
;__Lib_Math.c,1870 :: 		
0x0226	0x0F76      	INCFSZ     R6, 0
;__Lib_Math.c,1871 :: 		
0x0227	0x07FA      	ADDWF      R10, 1
;__Lib_Math.c,1872 :: 		
0x0228	0x0877      	MOVF       R7, 0
;__Lib_Math.c,1873 :: 		
0x0229	0x1803      	BTFSC      STATUS, 0
;__Lib_Math.c,1874 :: 		
0x022A	0x0F77      	INCFSZ     R7, 0
;__Lib_Math.c,1875 :: 		
0x022B	0x07FB      	ADDWF      R11, 1
;__Lib_Math.c,1878 :: 		
_EXIT2:
;__Lib_Math.c,1880 :: 		
L_end_Mul_32x32_U:
0x022C	0x0008      	RETURN
; end of _Mul_32x32_U
_myDelay_us:
;MyProject.c,364 :: 		void myDelay_us(unsigned int us){
;MyProject.c,365 :: 		while(us--);
L_myDelay_us64:
0x022D	0x1283      	BCF        STATUS, 5
0x022E	0x1303      	BCF        STATUS, 6
0x022F	0x084F      	MOVF       FARG_myDelay_us_us, 0
0x0230	0x00F0      	MOVWF      R0
0x0231	0x0850      	MOVF       FARG_myDelay_us_us+1, 0
0x0232	0x00F1      	MOVWF      R0+1
0x0233	0x3001      	MOVLW      1
0x0234	0x02CF      	SUBWF      FARG_myDelay_us_us, 1
0x0235	0x1C03      	BTFSS      STATUS, 0
0x0236	0x03D0      	DECF       FARG_myDelay_us_us+1, 1
0x0237	0x0870      	MOVF       R0, 0
0x0238	0x0471      	IORWF      R0+1, 0
0x0239	0x1903      	BTFSC      STATUS, 2
0x023A	0x2A3C      	GOTO       L_myDelay_us65
0x023B	0x2A2D      	GOTO       L_myDelay_us64
L_myDelay_us65:
;MyProject.c,366 :: 		}
L_end_myDelay_us:
0x023C	0x0008      	RETURN
; end of _myDelay_us
_initialization:
;MyProject.c,275 :: 		void initialization(){
;MyProject.c,276 :: 		TRISC = 0b10100000;
0x023D	0x30A0      	MOVLW      160
0x023E	0x1683      	BSF        STATUS, 5
0x023F	0x1303      	BCF        STATUS, 6
0x0240	0x0087      	MOVWF      TRISC
;MyProject.c,277 :: 		PORTC = 0x00;
0x0241	0x1283      	BCF        STATUS, 5
0x0242	0x0187      	CLRF       PORTC
;MyProject.c,279 :: 		TRISD = 0x30;
0x0243	0x3030      	MOVLW      48
0x0244	0x1683      	BSF        STATUS, 5
0x0245	0x0088      	MOVWF      TRISD
;MyProject.c,280 :: 		PORTD = 0x00;
0x0246	0x1283      	BCF        STATUS, 5
0x0247	0x0188      	CLRF       PORTD
;MyProject.c,282 :: 		TRISB = 0x03;
0x0248	0x3003      	MOVLW      3
0x0249	0x1683      	BSF        STATUS, 5
0x024A	0x0086      	MOVWF      TRISB
;MyProject.c,283 :: 		PORTB = 0x00;
0x024B	0x1283      	BCF        STATUS, 5
0x024C	0x0186      	CLRF       PORTB
;MyProject.c,285 :: 		UART1_Init(9600);
0x024D	0x3033      	MOVLW      51
0x024E	0x1683      	BSF        STATUS, 5
0x024F	0x0099      	MOVWF      SPBRG
0x0250	0x1518      	BSF        TXSTA, 2
0x0251	0x21E6      	CALL       _UART1_Init
;MyProject.c,286 :: 		Delay_ms(100);
0x0252	0x3002      	MOVLW      2
0x0253	0x00FB      	MOVWF      R11
0x0254	0x3004      	MOVLW      4
0x0255	0x00FC      	MOVWF      R12
0x0256	0x30BA      	MOVLW      186
0x0257	0x00FD      	MOVWF      R13
L_initialization53:
0x0258	0x0BFD      	DECFSZ     R13, 1
0x0259	0x2A58      	GOTO       L_initialization53
0x025A	0x0BFC      	DECFSZ     R12, 1
0x025B	0x2A58      	GOTO       L_initialization53
0x025C	0x0BFB      	DECFSZ     R11, 1
0x025D	0x2A58      	GOTO       L_initialization53
0x025E	0x0000      	NOP
;MyProject.c,287 :: 		}
L_end_initialization:
0x025F	0x0008      	RETURN
; end of _initialization
_ATD_read:
;MyProject.c,351 :: 		unsigned int ATD_read(unsigned char port) {
;MyProject.c,352 :: 		ADCON0 = (ADCON0 & 0xC7) | (port << 3);
0x0260	0x30C7      	MOVLW      199
0x0261	0x1283      	BCF        STATUS, 5
0x0262	0x1303      	BCF        STATUS, 6
0x0263	0x051F      	ANDWF      ADCON0, 0
0x0264	0x00F2      	MOVWF      R2
0x0265	0x084D      	MOVF       FARG_ATD_read_port, 0
0x0266	0x00F0      	MOVWF      R0
0x0267	0x0DF0      	RLF        R0, 1
0x0268	0x1070      	BCF        R0, 0
0x0269	0x0DF0      	RLF        R0, 1
0x026A	0x1070      	BCF        R0, 0
0x026B	0x0DF0      	RLF        R0, 1
0x026C	0x1070      	BCF        R0, 0
0x026D	0x0870      	MOVF       R0, 0
0x026E	0x0472      	IORWF      R2, 0
0x026F	0x009F      	MOVWF      ADCON0
;MyProject.c,353 :: 		Delay_us(10);
0x0270	0x3006      	MOVLW      6
0x0271	0x00FD      	MOVWF      R13
L_ATD_read59:
0x0272	0x0BFD      	DECFSZ     R13, 1
0x0273	0x2A72      	GOTO       L_ATD_read59
0x0274	0x0000      	NOP
;MyProject.c,354 :: 		ADCON0 |= 0x04;
0x0275	0x151F      	BSF        ADCON0, 2
;MyProject.c,355 :: 		while (ADCON0 & 0x04);
L_ATD_read60:
0x0276	0x1D1F      	BTFSS      ADCON0, 2
0x0277	0x2A79      	GOTO       L_ATD_read61
0x0278	0x2A76      	GOTO       L_ATD_read60
L_ATD_read61:
;MyProject.c,356 :: 		return ((ADRESH << 8) | ADRESL);
0x0279	0x081E      	MOVF       ADRESH, 0
0x027A	0x00F1      	MOVWF      R0+1
0x027B	0x01F0      	CLRF       R0
0x027C	0x1683      	BSF        STATUS, 5
0x027D	0x081E      	MOVF       ADRESL, 0
0x027E	0x04F0      	IORWF      R0, 1
0x027F	0x3000      	MOVLW      0
0x0280	0x04F1      	IORWF      R0+1, 1
;MyProject.c,357 :: 		}
L_end_ATD_read:
0x0281	0x0008      	RETURN
; end of _ATD_read
_CCPPWM_init:
;MyProject.c,289 :: 		void CCPPWM_init(){
;MyProject.c,290 :: 		T2CON = 0x07;
0x0282	0x3007      	MOVLW      7
0x0283	0x1283      	BCF        STATUS, 5
0x0284	0x1303      	BCF        STATUS, 6
0x0285	0x0092      	MOVWF      T2CON
;MyProject.c,291 :: 		CCP2CON = 0x0C;
0x0286	0x300C      	MOVLW      12
0x0287	0x009D      	MOVWF      CCP2CON
;MyProject.c,292 :: 		PR2 = 250;
0x0288	0x30FA      	MOVLW      250
0x0289	0x1683      	BSF        STATUS, 5
0x028A	0x0092      	MOVWF      PR2
;MyProject.c,293 :: 		CCPR2L = 125;
0x028B	0x307D      	MOVLW      125
0x028C	0x1283      	BCF        STATUS, 5
0x028D	0x009B      	MOVWF      CCPR2L
;MyProject.c,294 :: 		}
L_end_CCPPWM_init:
0x028E	0x0008      	RETURN
; end of _CCPPWM_init
_ADC_Init:
;MyProject.c,343 :: 		void ADC_Init() {
;MyProject.c,344 :: 		ADCON1 = 0x80;
0x028F	0x3080      	MOVLW      128
0x0290	0x1683      	BSF        STATUS, 5
0x0291	0x1303      	BCF        STATUS, 6
0x0292	0x009F      	MOVWF      ADCON1
;MyProject.c,345 :: 		ADCON0 = 0x41;
0x0293	0x3041      	MOVLW      65
0x0294	0x1283      	BCF        STATUS, 5
0x0295	0x009F      	MOVWF      ADCON0
;MyProject.c,346 :: 		TRISA = 0xFF;
0x0296	0x30FF      	MOVLW      255
0x0297	0x1683      	BSF        STATUS, 5
0x0298	0x0085      	MOVWF      TRISA
;MyProject.c,347 :: 		PORTA = 0x00;
0x0299	0x1283      	BCF        STATUS, 5
0x029A	0x0185      	CLRF       PORTA
;MyProject.c,348 :: 		}
L_end_ADC_Init:
0x029B	0x0008      	RETURN
; end of _ADC_Init
_myDelay_ms:
;MyProject.c,360 :: 		void myDelay_ms(unsigned int ms) {
;MyProject.c,361 :: 		tick=0;
0x029C	0x1283      	BCF        STATUS, 5
0x029D	0x1303      	BCF        STATUS, 6
0x029E	0x01CA      	CLRF       _tick
;MyProject.c,362 :: 		while(tick<ms);
L_myDelay_ms62:
0x029F	0x084E      	MOVF       FARG_myDelay_ms_ms+1, 0
0x02A0	0x3C00      	SUBLW      0
0x02A1	0x1D03      	BTFSS      STATUS, 2
0x02A2	0x2AA5      	GOTO       L__myDelay_ms93
0x02A3	0x084D      	MOVF       FARG_myDelay_ms_ms, 0
0x02A4	0x024A      	SUBWF      _tick, 0
L__myDelay_ms93:
0x02A5	0x1803      	BTFSC      STATUS, 0
0x02A6	0x2AA8      	GOTO       L_myDelay_ms63
0x02A7	0x2A9F      	GOTO       L_myDelay_ms62
L_myDelay_ms63:
;MyProject.c,363 :: 		}
L_end_myDelay_ms:
0x02A8	0x0008      	RETURN
; end of _myDelay_ms
_init_sonar:
;MyProject.c,333 :: 		void init_sonar(void) {
;MyProject.c,334 :: 		T1counts = 0;
0x02A9	0x1283      	BCF        STATUS, 5
0x02AA	0x1303      	BCF        STATUS, 6
0x02AB	0x01AE      	CLRF       _T1counts
0x02AC	0x01AF      	CLRF       _T1counts+1
0x02AD	0x01B0      	CLRF       _T1counts+2
0x02AE	0x01B1      	CLRF       _T1counts+3
;MyProject.c,335 :: 		T1time = 0;
0x02AF	0x01AA      	CLRF       _T1time
0x02B0	0x01AB      	CLRF       _T1time+1
0x02B1	0x01AC      	CLRF       _T1time+2
0x02B2	0x01AD      	CLRF       _T1time+3
;MyProject.c,336 :: 		Distance = 0;
0x02B3	0x01B8      	CLRF       _Distance
0x02B4	0x01B9      	CLRF       _Distance+1
0x02B5	0x01BA      	CLRF       _Distance+2
0x02B6	0x01BB      	CLRF       _Distance+3
;MyProject.c,337 :: 		TMR1H = 0;
0x02B7	0x018F      	CLRF       TMR1H
;MyProject.c,338 :: 		TMR1L = 0;
0x02B8	0x018E      	CLRF       TMR1L
;MyProject.c,339 :: 		T1CON = 0x10;
0x02B9	0x3010      	MOVLW      16
0x02BA	0x0090      	MOVWF      T1CON
;MyProject.c,340 :: 		}
L_end_init_sonar:
0x02BB	0x0008      	RETURN
; end of _init_sonar
_Mul_16X16_U:
;__Lib_Math.c,136 :: 		
;__Lib_Math.c,143 :: 		
0x02BC	0x1283      	BCF        STATUS, 5
;__Lib_Math.c,144 :: 		
0x02BD	0x1303      	BCF        STATUS, 6
;__Lib_Math.c,145 :: 		
0x02BE	0x01FB      	CLRF       R11
;__Lib_Math.c,146 :: 		
0x02BF	0x01FA      	CLRF       R10
;__Lib_Math.c,147 :: 		
0x02C0	0x01F9      	CLRF       R9
;__Lib_Math.c,148 :: 		
0x02C1	0x3080      	MOVLW      128
;__Lib_Math.c,149 :: 		
0x02C2	0x00F8      	MOVWF      R8
;__Lib_Math.c,150 :: 		
0x02C3	0x0CF1      	RRF        R1, 1
;__Lib_Math.c,151 :: 		
0x02C4	0x0CF0      	RRF        R0, 1
;__Lib_Math.c,152 :: 		
0x02C5	0x1C03      	BTFSS      STATUS, 0
;__Lib_Math.c,153 :: 		
0x02C6	0x2AD0      	GOTO       $+10
;__Lib_Math.c,154 :: 		
0x02C7	0x0874      	MOVF       R4, 0
;__Lib_Math.c,155 :: 		
0x02C8	0x07F9      	ADDWF      R9, 1
;__Lib_Math.c,156 :: 		
0x02C9	0x0875      	MOVF       R5, 0
;__Lib_Math.c,157 :: 		
0x02CA	0x1803      	BTFSC      STATUS, 0
;__Lib_Math.c,158 :: 		
0x02CB	0x0F75      	INCFSZ     R5, 0
;__Lib_Math.c,159 :: 		
0x02CC	0x07FA      	ADDWF      R10, 1
;__Lib_Math.c,160 :: 		
0x02CD	0x1803      	BTFSC      STATUS, 0
;__Lib_Math.c,161 :: 		
0x02CE	0x0AFB      	INCF       R11, 1
;__Lib_Math.c,162 :: 		
0x02CF	0x1003      	BCF        STATUS, 0
;__Lib_Math.c,163 :: 		
0x02D0	0x1FF0      	BTFSS      R0, 7
;__Lib_Math.c,164 :: 		
0x02D1	0x2AD8      	GOTO       $+7
;__Lib_Math.c,165 :: 		
0x02D2	0x0874      	MOVF       R4, 0
;__Lib_Math.c,166 :: 		
0x02D3	0x07FA      	ADDWF      R10, 1
;__Lib_Math.c,167 :: 		
0x02D4	0x0875      	MOVF       R5, 0
;__Lib_Math.c,168 :: 		
0x02D5	0x1803      	BTFSC      STATUS, 0
;__Lib_Math.c,169 :: 		
0x02D6	0x0F75      	INCFSZ     R5, 0
;__Lib_Math.c,170 :: 		
0x02D7	0x07FB      	ADDWF      R11, 1
;__Lib_Math.c,171 :: 		
0x02D8	0x0CFB      	RRF        R11, 1
;__Lib_Math.c,172 :: 		
0x02D9	0x0CFA      	RRF        R10, 1
;__Lib_Math.c,173 :: 		
0x02DA	0x0CF9      	RRF        R9, 1
;__Lib_Math.c,174 :: 		
0x02DB	0x0CF8      	RRF        R8, 1
;__Lib_Math.c,175 :: 		
0x02DC	0x1C03      	BTFSS      STATUS, 0
;__Lib_Math.c,176 :: 		
0x02DD	0x2AC3      	GOTO       $-26
;__Lib_Math.c,177 :: 		
0x02DE	0x087B      	MOVF       R11, 0
;__Lib_Math.c,178 :: 		
0x02DF	0x00F3      	MOVWF      R3
;__Lib_Math.c,179 :: 		
0x02E0	0x087A      	MOVF       R10, 0
;__Lib_Math.c,180 :: 		
0x02E1	0x00F2      	MOVWF      R2
;__Lib_Math.c,181 :: 		
0x02E2	0x0879      	MOVF       R9, 0
;__Lib_Math.c,182 :: 		
0x02E3	0x00F1      	MOVWF      R1
;__Lib_Math.c,183 :: 		
0x02E4	0x0878      	MOVF       R8, 0
;__Lib_Math.c,184 :: 		
0x02E5	0x00F0      	MOVWF      R0
;__Lib_Math.c,187 :: 		
L_end_Mul_16X16_U:
0x02E6	0x0008      	RETURN
; end of _Mul_16X16_U
_moveRight:
;MyProject.c,377 :: 		void moveRight() {
;MyProject.c,378 :: 		PORTD= PORTD | 0x06;
0x02E7	0x3006      	MOVLW      6
0x02E8	0x1283      	BCF        STATUS, 5
0x02E9	0x1303      	BCF        STATUS, 6
0x02EA	0x0488      	IORWF      PORTD, 1
;MyProject.c,379 :: 		}
L_end_moveRight:
0x02EB	0x0008      	RETURN
; end of _moveRight
_moveLeft:
;MyProject.c,381 :: 		void moveLeft() {
;MyProject.c,382 :: 		PORTD = PORTD | 0x09;
0x02EC	0x3009      	MOVLW      9
0x02ED	0x1283      	BCF        STATUS, 5
0x02EE	0x1303      	BCF        STATUS, 6
0x02EF	0x0488      	IORWF      PORTD, 1
;MyProject.c,383 :: 		}
L_end_moveLeft:
0x02F0	0x0008      	RETURN
; end of _moveLeft
_UART1_Read:
;__Lib_UART_c67.c,21 :: 		
;__Lib_UART_c67.c,24 :: 		
0x02F1	0x1283      	BCF        STATUS, 5
0x02F2	0x1303      	BCF        STATUS, 6
0x02F3	0x081A      	MOVF       RCREG, 0
0x02F4	0x00F1      	MOVWF      R1
;__Lib_UART_c67.c,25 :: 		
0x02F5	0x1C98      	BTFSS      RCSTA, 1
0x02F6	0x2AF9      	GOTO       L_UART1_Read2
;__Lib_UART_c67.c,26 :: 		
0x02F7	0x1218      	BCF        RCSTA, 4
;__Lib_UART_c67.c,27 :: 		
0x02F8	0x1618      	BSF        RCSTA, 4
;__Lib_UART_c67.c,28 :: 		
L_UART1_Read2:
;__Lib_UART_c67.c,29 :: 		
0x02F9	0x0871      	MOVF       R1, 0
0x02FA	0x00F0      	MOVWF      R0
;__Lib_UART_c67.c,30 :: 		
L_end_UART1_Read:
0x02FB	0x0008      	RETURN
; end of _UART1_Read
_moveForward:
;MyProject.c,369 :: 		void moveForward() {
;MyProject.c,370 :: 		PORTD = PORTD | 0x05;
0x02FC	0x3005      	MOVLW      5
0x02FD	0x1283      	BCF        STATUS, 5
0x02FE	0x1303      	BCF        STATUS, 6
0x02FF	0x0488      	IORWF      PORTD, 1
;MyProject.c,371 :: 		}
L_end_moveForward:
0x0300	0x0008      	RETURN
; end of _moveForward
_moveBackward:
;MyProject.c,373 :: 		void moveBackward() {
;MyProject.c,374 :: 		PORTD = PORTD | 0x0A;
0x0301	0x300A      	MOVLW      10
0x0302	0x1283      	BCF        STATUS, 5
0x0303	0x1303      	BCF        STATUS, 6
0x0304	0x0488      	IORWF      PORTD, 1
;MyProject.c,375 :: 		}
L_end_moveBackward:
0x0305	0x0008      	RETURN
; end of _moveBackward
_Speed:
;MyProject.c,297 :: 		void Speed(int p){
;MyProject.c,298 :: 		CCPR2L = p;
0x0306	0x1283      	BCF        STATUS, 5
0x0307	0x1303      	BCF        STATUS, 6
0x0308	0x084D      	MOVF       FARG_Speed_p, 0
0x0309	0x009B      	MOVWF      CCPR2L
;MyProject.c,299 :: 		}
L_end_Speed:
0x030A	0x0008      	RETURN
; end of _Speed
_Stop:
;MyProject.c,385 :: 		void Stop() {
;MyProject.c,386 :: 		PORTD = PORTD & 0x00;
0x030B	0x3000      	MOVLW      0
0x030C	0x1283      	BCF        STATUS, 5
0x030D	0x1303      	BCF        STATUS, 6
0x030E	0x0588      	ANDWF      PORTD, 1
;MyProject.c,387 :: 		}
L_end_Stop:
0x030F	0x0008      	RETURN
; end of _Stop
_UART1_Data_Ready:
;__Lib_UART_c67.c,16 :: 		
;__Lib_UART_c67.c,17 :: 		
0x0310	0x3000      	MOVLW      0
0x0311	0x1283      	BCF        STATUS, 5
0x0312	0x1303      	BCF        STATUS, 6
0x0313	0x1A8C      	BTFSC      PIR1, 5
0x0314	0x3001      	MOVLW      1
0x0315	0x00F0      	MOVWF      R0
;__Lib_UART_c67.c,18 :: 		
L_end_UART1_Data_Ready:
0x0316	0x0008      	RETURN
; end of _UART1_Data_Ready
_read_sonar:
;MyProject.c,302 :: 		void read_sonar(void) {
;MyProject.c,303 :: 		T1CON=0x10;
0x0317	0x3010      	MOVLW      16
0x0318	0x1283      	BCF        STATUS, 5
0x0319	0x1303      	BCF        STATUS, 6
0x031A	0x0090      	MOVWF      T1CON
;MyProject.c,304 :: 		T1counts = 0;
0x031B	0x01AE      	CLRF       _T1counts
0x031C	0x01AF      	CLRF       _T1counts+1
0x031D	0x01B0      	CLRF       _T1counts+2
0x031E	0x01B1      	CLRF       _T1counts+3
;MyProject.c,305 :: 		T1time = 0;
0x031F	0x01AA      	CLRF       _T1time
0x0320	0x01AB      	CLRF       _T1time+1
0x0321	0x01AC      	CLRF       _T1time+2
0x0322	0x01AD      	CLRF       _T1time+3
;MyProject.c,307 :: 		Distance = 0;
0x0323	0x01B8      	CLRF       _Distance
0x0324	0x01B9      	CLRF       _Distance+1
0x0325	0x01BA      	CLRF       _Distance+2
0x0326	0x01BB      	CLRF       _Distance+3
;MyProject.c,309 :: 		TMR1H = 0;
0x0327	0x018F      	CLRF       TMR1H
;MyProject.c,310 :: 		TMR1L = 0;
0x0328	0x018E      	CLRF       TMR1L
;MyProject.c,312 :: 		PORTC =PORTC | 0x10;
0x0329	0x1607      	BSF        PORTC, 4
;MyProject.c,313 :: 		myDelay_us(10);
0x032A	0x300A      	MOVLW      10
0x032B	0x00CF      	MOVWF      FARG_myDelay_us_us
0x032C	0x3000      	MOVLW      0
0x032D	0x00D0      	MOVWF      FARG_myDelay_us_us+1
0x032E	0x222D      	CALL       _myDelay_us
;MyProject.c,314 :: 		PORTC =PORTC & !0X10;
0x032F	0x3000      	MOVLW      0
0x0330	0x0587      	ANDWF      PORTC, 1
;MyProject.c,316 :: 		while (!(PORTC & 0x20));
L_read_sonar54:
0x0331	0x1A87      	BTFSC      PORTC, 5
0x0332	0x2B34      	GOTO       L_read_sonar55
0x0333	0x2B31      	GOTO       L_read_sonar54
L_read_sonar55:
;MyProject.c,317 :: 		T1CON = 0x19;
0x0334	0x3019      	MOVLW      25
0x0335	0x0090      	MOVWF      T1CON
;MyProject.c,319 :: 		while (PORTC & 0x20);
L_read_sonar56:
0x0336	0x1E87      	BTFSS      PORTC, 5
0x0337	0x2B39      	GOTO       L_read_sonar57
0x0338	0x2B36      	GOTO       L_read_sonar56
L_read_sonar57:
;MyProject.c,320 :: 		T1CON = 0x18;
0x0339	0x3018      	MOVLW      24
0x033A	0x0090      	MOVWF      T1CON
;MyProject.c,321 :: 		T1counts = ((TMR1H << 8) | TMR1L);
0x033B	0x01B1      	CLRF       _T1counts+3
0x033C	0x0810      	MOVF       TMR1H+1, 0
0x033D	0x00B0      	MOVWF      _T1counts+2
0x033E	0x080F      	MOVF       TMR1H, 0
0x033F	0x00AF      	MOVWF      _T1counts+1
0x0340	0x01AE      	CLRF       _T1counts
0x0341	0x080E      	MOVF       TMR1L, 0
0x0342	0x04AE      	IORWF      _T1counts, 1
0x0343	0x3000      	MOVLW      0
0x0344	0x04AF      	IORWF      _T1counts+1, 1
0x0345	0x3000      	MOVLW      0
0x0346	0x00B0      	MOVWF      _T1counts+2
0x0347	0x00B1      	MOVWF      _T1counts+3
;MyProject.c,322 :: 		T1time = T1counts;
0x0348	0x082E      	MOVF       _T1counts, 0
0x0349	0x00AA      	MOVWF      _T1time
0x034A	0x082F      	MOVF       _T1counts+1, 0
0x034B	0x00AB      	MOVWF      _T1time+1
0x034C	0x0830      	MOVF       _T1counts+2, 0
0x034D	0x00AC      	MOVWF      _T1time+2
0x034E	0x0831      	MOVF       _T1counts+3, 0
0x034F	0x00AD      	MOVWF      _T1time+3
;MyProject.c,324 :: 		Distance = (T1time * 34) / (1000 * 2);
0x0350	0x082E      	MOVF       _T1counts, 0
0x0351	0x00F0      	MOVWF      R0
0x0352	0x082F      	MOVF       _T1counts+1, 0
0x0353	0x00F1      	MOVWF      R0+1
0x0354	0x0830      	MOVF       _T1counts+2, 0
0x0355	0x00F2      	MOVWF      R0+2
0x0356	0x0831      	MOVF       _T1counts+3, 0
0x0357	0x00F3      	MOVWF      R0+3
0x0358	0x3022      	MOVLW      34
0x0359	0x00F4      	MOVWF      R4
0x035A	0x01F5      	CLRF       R4+1
0x035B	0x01F6      	CLRF       R4+2
0x035C	0x01F7      	CLRF       R4+3
0x035D	0x21F6      	CALL       _Mul_32x32_U
0x035E	0x30D0      	MOVLW      208
0x035F	0x00F4      	MOVWF      R4
0x0360	0x3007      	MOVLW      7
0x0361	0x00F5      	MOVWF      R4+1
0x0362	0x01F6      	CLRF       R4+2
0x0363	0x01F7      	CLRF       R4+3
0x0364	0x206E      	CALL       _Div_32x32_U
0x0365	0x0870      	MOVF       R0, 0
0x0366	0x00B8      	MOVWF      _Distance
0x0367	0x0871      	MOVF       R0+1, 0
0x0368	0x00B9      	MOVWF      _Distance+1
0x0369	0x0872      	MOVF       R0+2, 0
0x036A	0x00BA      	MOVWF      _Distance+2
0x036B	0x0873      	MOVF       R0+3, 0
0x036C	0x00BB      	MOVWF      _Distance+3
;MyProject.c,325 :: 		if (Distance > 400) {
0x036D	0x0873      	MOVF       R0+3, 0
0x036E	0x3C00      	SUBLW      0
0x036F	0x1D03      	BTFSS      STATUS, 2
0x0370	0x2B7B      	GOTO       L__read_sonar88
0x0371	0x0872      	MOVF       R0+2, 0
0x0372	0x3C00      	SUBLW      0
0x0373	0x1D03      	BTFSS      STATUS, 2
0x0374	0x2B7B      	GOTO       L__read_sonar88
0x0375	0x0871      	MOVF       R0+1, 0
0x0376	0x3C01      	SUBLW      1
0x0377	0x1D03      	BTFSS      STATUS, 2
0x0378	0x2B7B      	GOTO       L__read_sonar88
0x0379	0x0870      	MOVF       R0, 0
0x037A	0x3C90      	SUBLW      144
L__read_sonar88:
0x037B	0x1803      	BTFSC      STATUS, 0
0x037C	0x2B81      	GOTO       L_read_sonar58
;MyProject.c,326 :: 		Distance = 0;
0x037D	0x01B8      	CLRF       _Distance
0x037E	0x01B9      	CLRF       _Distance+1
0x037F	0x01BA      	CLRF       _Distance+2
0x0380	0x01BB      	CLRF       _Distance+3
;MyProject.c,327 :: 		}
L_read_sonar58:
;MyProject.c,329 :: 		T1CON = 0x01;
0x0381	0x3001      	MOVLW      1
0x0382	0x0090      	MOVWF      T1CON
;MyProject.c,330 :: 		}
L_end_read_sonar:
0x0383	0x0008      	RETURN
; end of _read_sonar
_main:
;MyProject.c,96 :: 		void main(){
;MyProject.c,97 :: 		initialization();
0x0384	0x223D      	CALL       _initialization
;MyProject.c,98 :: 		ADC_Init();
0x0385	0x228F      	CALL       _ADC_Init
;MyProject.c,99 :: 		CCPPWM_init();
0x0386	0x2282      	CALL       _CCPPWM_init
;MyProject.c,101 :: 		OPTION_REG = 0x87;
0x0387	0x3087      	MOVLW      135
0x0388	0x1683      	BSF        STATUS, 5
0x0389	0x0081      	MOVWF      OPTION_REG
;MyProject.c,102 :: 		TMR0 = 0;
0x038A	0x1283      	BCF        STATUS, 5
0x038B	0x0181      	CLRF       TMR0
;MyProject.c,104 :: 		TMR1H = 0;
0x038C	0x018F      	CLRF       TMR1H
;MyProject.c,105 :: 		TMR1L = 0;
0x038D	0x018E      	CLRF       TMR1L
;MyProject.c,107 :: 		init_sonar();
0x038E	0x22A9      	CALL       _init_sonar
;MyProject.c,108 :: 		HL = 1;
0x038F	0x3001      	MOVLW      1
0x0390	0x00C0      	MOVWF      _HL
;MyProject.c,109 :: 		CCP1CON = 0x08;
0x0391	0x3008      	MOVLW      8
0x0392	0x0097      	MOVWF      CCP1CON
;MyProject.c,111 :: 		T1CON = 0x01;
0x0393	0x3001      	MOVLW      1
0x0394	0x0090      	MOVWF      T1CON
;MyProject.c,112 :: 		INTCON = 0xE0;
0x0395	0x30E0      	MOVLW      224
0x0396	0x008B      	MOVWF      INTCON
;MyProject.c,113 :: 		PIE1 |= 0x04;
0x0397	0x1683      	BSF        STATUS, 5
0x0398	0x150C      	BSF        PIE1, 2
;MyProject.c,115 :: 		CCPR1H = 2000 >> 8;
0x0399	0x3007      	MOVLW      7
0x039A	0x1283      	BCF        STATUS, 5
0x039B	0x0096      	MOVWF      CCPR1H
;MyProject.c,116 :: 		CCPR1L = 2000;
0x039C	0x30D0      	MOVLW      208
0x039D	0x0095      	MOVWF      CCPR1L
;MyProject.c,117 :: 		ss = 0;
0x039E	0x01B2      	CLRF       _ss
0x039F	0x01B3      	CLRF       _ss+1
;MyProject.c,119 :: 		myDelay_ms(1000);
0x03A0	0x30E8      	MOVLW      232
0x03A1	0x00CD      	MOVWF      FARG_myDelay_ms_ms
0x03A2	0x3003      	MOVLW      3
0x03A3	0x00CE      	MOVWF      FARG_myDelay_ms_ms+1
0x03A4	0x229C      	CALL       _myDelay_ms
;MyProject.c,120 :: 		while(1){
L_main9:
;MyProject.c,121 :: 		while(mode){
L_main11:
0x03A5	0x0836      	MOVF       _mode, 0
0x03A6	0x0437      	IORWF      _mode+1, 0
0x03A7	0x1903      	BTFSC      STATUS, 2
0x03A8	0x2CFB      	GOTO       L_main12
;MyProject.c,122 :: 		xVal = ATD_read(0);  // Read x-axis
0x03A9	0x01CD      	CLRF       FARG_ATD_read_port
0x03AA	0x2260      	CALL       _ATD_read
0x03AB	0x0870      	MOVF       R0, 0
0x03AC	0x1283      	BCF        STATUS, 5
0x03AD	0x00A8      	MOVWF      _xVal
0x03AE	0x0871      	MOVF       R0+1, 0
0x03AF	0x00A9      	MOVWF      _xVal+1
;MyProject.c,123 :: 		yVal = ATD_read(1);  // Read y-axis
0x03B0	0x3001      	MOVLW      1
0x03B1	0x00CD      	MOVWF      FARG_ATD_read_port
0x03B2	0x2260      	CALL       _ATD_read
0x03B3	0x0870      	MOVF       R0, 0
0x03B4	0x1283      	BCF        STATUS, 5
0x03B5	0x00A6      	MOVWF      _yVal
0x03B6	0x0871      	MOVF       R0+1, 0
0x03B7	0x00A7      	MOVWF      _yVal+1
;MyProject.c,125 :: 		if(xVal < rightThreshold){
0x03B8	0x3080      	MOVLW      128
0x03B9	0x0629      	XORWF      _xVal+1, 0
0x03BA	0x00F0      	MOVWF      R0
0x03BB	0x3080      	MOVLW      128
0x03BC	0x3A01      	XORLW      1
0x03BD	0x0270      	SUBWF      R0, 0
0x03BE	0x1D03      	BTFSS      STATUS, 2
0x03BF	0x2BC2      	GOTO       L__main70
0x03C0	0x3031      	MOVLW      49
0x03C1	0x0228      	SUBWF      _xVal, 0
L__main70:
0x03C2	0x1803      	BTFSC      STATUS, 0
0x03C3	0x2BD3      	GOTO       L_main13
;MyProject.c,126 :: 		RR = 305 - xVal;
0x03C4	0x0828      	MOVF       _xVal, 0
0x03C5	0x3C31      	SUBLW      49
0x03C6	0x00C7      	MOVWF      _RR
0x03C7	0x0829      	MOVF       _xVal+1, 0
0x03C8	0x1C03      	BTFSS      STATUS, 0
0x03C9	0x3E01      	ADDLW      1
0x03CA	0x3C01      	SUBLW      1
0x03CB	0x00C8      	MOVWF      _RR+1
;MyProject.c,127 :: 		RR = RR * 2;
0x03CC	0x0DC7      	RLF        _RR, 1
0x03CD	0x0DC8      	RLF        _RR+1, 1
0x03CE	0x1047      	BCF        _RR, 0
;MyProject.c,128 :: 		RR = RR + 90;
0x03CF	0x305A      	MOVLW      90
0x03D0	0x07C7      	ADDWF      _RR, 1
0x03D1	0x1803      	BTFSC      STATUS, 0
0x03D2	0x0AC8      	INCF       _RR+1, 1
;MyProject.c,129 :: 		}
L_main13:
;MyProject.c,130 :: 		if(xVal > leftThreshold){
0x03D3	0x3080      	MOVLW      128
0x03D4	0x3A01      	XORLW      1
0x03D5	0x00F0      	MOVWF      R0
0x03D6	0x3080      	MOVLW      128
0x03D7	0x0629      	XORWF      _xVal+1, 0
0x03D8	0x0270      	SUBWF      R0, 0
0x03D9	0x1D03      	BTFSS      STATUS, 2
0x03DA	0x2BDD      	GOTO       L__main71
0x03DB	0x0828      	MOVF       _xVal, 0
0x03DC	0x3C4F      	SUBLW      79
L__main71:
0x03DD	0x1803      	BTFSC      STATUS, 0
0x03DE	0x2C00      	GOTO       L_main14
;MyProject.c,131 :: 		LL = 335 - xVal;
0x03DF	0x0828      	MOVF       _xVal, 0
0x03E0	0x3C4F      	SUBLW      79
0x03E1	0x00F0      	MOVWF      R0
0x03E2	0x0829      	MOVF       _xVal+1, 0
0x03E3	0x1C03      	BTFSS      STATUS, 0
0x03E4	0x3E01      	ADDLW      1
0x03E5	0x3C01      	SUBLW      1
0x03E6	0x00F1      	MOVWF      R0+1
0x03E7	0x0870      	MOVF       R0, 0
0x03E8	0x00C5      	MOVWF      _LL
0x03E9	0x0871      	MOVF       R0+1, 0
0x03EA	0x00C6      	MOVWF      _LL+1
;MyProject.c,132 :: 		LL = LL * 6 * (-1);
0x03EB	0x3006      	MOVLW      6
0x03EC	0x00F4      	MOVWF      R4
0x03ED	0x3000      	MOVLW      0
0x03EE	0x00F5      	MOVWF      R4+1
0x03EF	0x22BC      	CALL       _Mul_16X16_U
0x03F0	0x30FF      	MOVLW      255
0x03F1	0x00F4      	MOVWF      R4
0x03F2	0x30FF      	MOVLW      255
0x03F3	0x00F5      	MOVWF      R4+1
0x03F4	0x22BC      	CALL       _Mul_16X16_U
0x03F5	0x0870      	MOVF       R0, 0
0x03F6	0x00C5      	MOVWF      _LL
0x03F7	0x0871      	MOVF       R0+1, 0
0x03F8	0x00C6      	MOVWF      _LL+1
;MyProject.c,133 :: 		LL = LL + 90;
0x03F9	0x305A      	MOVLW      90
0x03FA	0x0770      	ADDWF      R0, 0
0x03FB	0x00C5      	MOVWF      _LL
0x03FC	0x0871      	MOVF       R0+1, 0
0x03FD	0x1803      	BTFSC      STATUS, 0
0x03FE	0x3E01      	ADDLW      1
0x03FF	0x00C6      	MOVWF      _LL+1
;MyProject.c,134 :: 		}
L_main14:
;MyProject.c,135 :: 		if(yVal < forwardThreshold){
0x0400	0x3080      	MOVLW      128
0x0401	0x0627      	XORWF      _yVal+1, 0
0x0402	0x00F0      	MOVWF      R0
0x0403	0x3080      	MOVLW      128
0x0404	0x3A01      	XORLW      1
0x0405	0x0270      	SUBWF      R0, 0
0x0406	0x1D03      	BTFSS      STATUS, 2
0x0407	0x2C0A      	GOTO       L__main72
0x0408	0x3031      	MOVLW      49
0x0409	0x0226      	SUBWF      _yVal, 0
L__main72:
0x040A	0x1803      	BTFSC      STATUS, 0
0x040B	0x2C1B      	GOTO       L_main15
;MyProject.c,136 :: 		FF = 305 - yVal;
0x040C	0x0826      	MOVF       _yVal, 0
0x040D	0x3C31      	SUBLW      49
0x040E	0x00C1      	MOVWF      _FF
0x040F	0x0827      	MOVF       _yVal+1, 0
0x0410	0x1C03      	BTFSS      STATUS, 0
0x0411	0x3E01      	ADDLW      1
0x0412	0x3C01      	SUBLW      1
0x0413	0x00C2      	MOVWF      _FF+1
;MyProject.c,137 :: 		FF = FF * 2;
0x0414	0x0DC1      	RLF        _FF, 1
0x0415	0x0DC2      	RLF        _FF+1, 1
0x0416	0x1041      	BCF        _FF, 0
;MyProject.c,138 :: 		FF = FF + 90;
0x0417	0x305A      	MOVLW      90
0x0418	0x07C1      	ADDWF      _FF, 1
0x0419	0x1803      	BTFSC      STATUS, 0
0x041A	0x0AC2      	INCF       _FF+1, 1
;MyProject.c,139 :: 		}
L_main15:
;MyProject.c,140 :: 		if(yVal > backwardThreshold){
0x041B	0x3080      	MOVLW      128
0x041C	0x3A01      	XORLW      1
0x041D	0x00F0      	MOVWF      R0
0x041E	0x3080      	MOVLW      128
0x041F	0x0627      	XORWF      _yVal+1, 0
0x0420	0x0270      	SUBWF      R0, 0
0x0421	0x1D03      	BTFSS      STATUS, 2
0x0422	0x2C25      	GOTO       L__main73
0x0423	0x0826      	MOVF       _yVal, 0
0x0424	0x3C4F      	SUBLW      79
L__main73:
0x0425	0x1803      	BTFSC      STATUS, 0
0x0426	0x2C48      	GOTO       L_main16
;MyProject.c,141 :: 		BB = 335 - yVal;
0x0427	0x0826      	MOVF       _yVal, 0
0x0428	0x3C4F      	SUBLW      79
0x0429	0x00F0      	MOVWF      R0
0x042A	0x0827      	MOVF       _yVal+1, 0
0x042B	0x1C03      	BTFSS      STATUS, 0
0x042C	0x3E01      	ADDLW      1
0x042D	0x3C01      	SUBLW      1
0x042E	0x00F1      	MOVWF      R0+1
0x042F	0x0870      	MOVF       R0, 0
0x0430	0x00BC      	MOVWF      _BB
0x0431	0x0871      	MOVF       R0+1, 0
0x0432	0x00BD      	MOVWF      _BB+1
;MyProject.c,142 :: 		BB = BB * 6 * (-1);
0x0433	0x3006      	MOVLW      6
0x0434	0x00F4      	MOVWF      R4
0x0435	0x3000      	MOVLW      0
0x0436	0x00F5      	MOVWF      R4+1
0x0437	0x22BC      	CALL       _Mul_16X16_U
0x0438	0x30FF      	MOVLW      255
0x0439	0x00F4      	MOVWF      R4
0x043A	0x30FF      	MOVLW      255
0x043B	0x00F5      	MOVWF      R4+1
0x043C	0x22BC      	CALL       _Mul_16X16_U
0x043D	0x0870      	MOVF       R0, 0
0x043E	0x00BC      	MOVWF      _BB
0x043F	0x0871      	MOVF       R0+1, 0
0x0440	0x00BD      	MOVWF      _BB+1
;MyProject.c,143 :: 		BB = BB + 90;
0x0441	0x305A      	MOVLW      90
0x0442	0x0770      	ADDWF      R0, 0
0x0443	0x00BC      	MOVWF      _BB
0x0444	0x0871      	MOVF       R0+1, 0
0x0445	0x1803      	BTFSC      STATUS, 0
0x0446	0x3E01      	ADDLW      1
0x0447	0x00BD      	MOVWF      _BB+1
;MyProject.c,144 :: 		}
L_main16:
;MyProject.c,147 :: 		if (xVal <= rightThreshold) {
0x0448	0x3080      	MOVLW      128
0x0449	0x3A01      	XORLW      1
0x044A	0x00F0      	MOVWF      R0
0x044B	0x3080      	MOVLW      128
0x044C	0x0629      	XORWF      _xVal+1, 0
0x044D	0x0270      	SUBWF      R0, 0
0x044E	0x1D03      	BTFSS      STATUS, 2
0x044F	0x2C52      	GOTO       L__main74
0x0450	0x0828      	MOVF       _xVal, 0
0x0451	0x3C31      	SUBLW      49
L__main74:
0x0452	0x1C03      	BTFSS      STATUS, 0
0x0453	0x2C5C      	GOTO       L_main17
;MyProject.c,148 :: 		Stop();
0x0454	0x230B      	CALL       _Stop
;MyProject.c,149 :: 		moveRight();
0x0455	0x22E7      	CALL       _moveRight
;MyProject.c,150 :: 		Speed(RR);
0x0456	0x0847      	MOVF       _RR, 0
0x0457	0x00CD      	MOVWF      FARG_Speed_p
0x0458	0x0848      	MOVF       _RR+1, 0
0x0459	0x00CE      	MOVWF      FARG_Speed_p+1
0x045A	0x2306      	CALL       _Speed
;MyProject.c,151 :: 		}
0x045B	0x2C9C      	GOTO       L_main18
L_main17:
;MyProject.c,152 :: 		else if (xVal >= leftThreshold) {
0x045C	0x3080      	MOVLW      128
0x045D	0x0629      	XORWF      _xVal+1, 0
0x045E	0x00F0      	MOVWF      R0
0x045F	0x3080      	MOVLW      128
0x0460	0x3A01      	XORLW      1
0x0461	0x0270      	SUBWF      R0, 0
0x0462	0x1D03      	BTFSS      STATUS, 2
0x0463	0x2C66      	GOTO       L__main75
0x0464	0x304F      	MOVLW      79
0x0465	0x0228      	SUBWF      _xVal, 0
L__main75:
0x0466	0x1C03      	BTFSS      STATUS, 0
0x0467	0x2C70      	GOTO       L_main19
;MyProject.c,153 :: 		Stop();
0x0468	0x230B      	CALL       _Stop
;MyProject.c,154 :: 		moveLeft();
0x0469	0x22EC      	CALL       _moveLeft
;MyProject.c,155 :: 		Speed(LL);
0x046A	0x0845      	MOVF       _LL, 0
0x046B	0x00CD      	MOVWF      FARG_Speed_p
0x046C	0x0846      	MOVF       _LL+1, 0
0x046D	0x00CE      	MOVWF      FARG_Speed_p+1
0x046E	0x2306      	CALL       _Speed
;MyProject.c,156 :: 		}
0x046F	0x2C9C      	GOTO       L_main20
L_main19:
;MyProject.c,157 :: 		else if ( yVal >= backwardThreshold) {
0x0470	0x3080      	MOVLW      128
0x0471	0x0627      	XORWF      _yVal+1, 0
0x0472	0x00F0      	MOVWF      R0
0x0473	0x3080      	MOVLW      128
0x0474	0x3A01      	XORLW      1
0x0475	0x0270      	SUBWF      R0, 0
0x0476	0x1D03      	BTFSS      STATUS, 2
0x0477	0x2C7A      	GOTO       L__main76
0x0478	0x304F      	MOVLW      79
0x0479	0x0226      	SUBWF      _yVal, 0
L__main76:
0x047A	0x1C03      	BTFSS      STATUS, 0
0x047B	0x2C84      	GOTO       L_main21
;MyProject.c,158 :: 		Stop();
0x047C	0x230B      	CALL       _Stop
;MyProject.c,159 :: 		moveBackward();
0x047D	0x2301      	CALL       _moveBackward
;MyProject.c,160 :: 		Speed(BB);
0x047E	0x083C      	MOVF       _BB, 0
0x047F	0x00CD      	MOVWF      FARG_Speed_p
0x0480	0x083D      	MOVF       _BB+1, 0
0x0481	0x00CE      	MOVWF      FARG_Speed_p+1
0x0482	0x2306      	CALL       _Speed
;MyProject.c,161 :: 		}
0x0483	0x2C9C      	GOTO       L_main22
L_main21:
;MyProject.c,162 :: 		else if (yVal <= forwardThreshold) {
0x0484	0x3080      	MOVLW      128
0x0485	0x3A01      	XORLW      1
0x0486	0x00F0      	MOVWF      R0
0x0487	0x3080      	MOVLW      128
0x0488	0x0627      	XORWF      _yVal+1, 0
0x0489	0x0270      	SUBWF      R0, 0
0x048A	0x1D03      	BTFSS      STATUS, 2
0x048B	0x2C8E      	GOTO       L__main77
0x048C	0x0826      	MOVF       _yVal, 0
0x048D	0x3C31      	SUBLW      49
L__main77:
0x048E	0x1C03      	BTFSS      STATUS, 0
0x048F	0x2C98      	GOTO       L_main23
;MyProject.c,163 :: 		Stop();
0x0490	0x230B      	CALL       _Stop
;MyProject.c,164 :: 		moveForward();
0x0491	0x22FC      	CALL       _moveForward
;MyProject.c,165 :: 		Speed(FF);
0x0492	0x0841      	MOVF       _FF, 0
0x0493	0x00CD      	MOVWF      FARG_Speed_p
0x0494	0x0842      	MOVF       _FF+1, 0
0x0495	0x00CE      	MOVWF      FARG_Speed_p+1
0x0496	0x2306      	CALL       _Speed
;MyProject.c,166 :: 		}
0x0497	0x2C9C      	GOTO       L_main24
L_main23:
;MyProject.c,168 :: 		Stop();
0x0498	0x230B      	CALL       _Stop
;MyProject.c,169 :: 		Speed( 0);
0x0499	0x01CD      	CLRF       FARG_Speed_p
0x049A	0x01CE      	CLRF       FARG_Speed_p+1
0x049B	0x2306      	CALL       _Speed
;MyProject.c,170 :: 		}
L_main24:
L_main22:
L_main20:
L_main18:
;MyProject.c,172 :: 		if(PORTB & 0x01){
0x049C	0x1C06      	BTFSS      PORTB, 0
0x049D	0x2CBA      	GOTO       L_main25
;MyProject.c,173 :: 		if(ss == 0){
0x049E	0x3000      	MOVLW      0
0x049F	0x0633      	XORWF      _ss+1, 0
0x04A0	0x1D03      	BTFSS      STATUS, 2
0x04A1	0x2CA4      	GOTO       L__main78
0x04A2	0x3000      	MOVLW      0
0x04A3	0x0632      	XORWF      _ss, 0
L__main78:
0x04A4	0x1D03      	BTFSS      STATUS, 2
0x04A5	0x2CB9      	GOTO       L_main26
;MyProject.c,174 :: 		a = 1;
0x04A6	0x3001      	MOVLW      1
0x04A7	0x00BE      	MOVWF      _a
0x04A8	0x3000      	MOVLW      0
0x04A9	0x00BF      	MOVWF      _a+1
;MyProject.c,175 :: 		angle = 2800;
0x04AA	0x30F0      	MOVLW      240
0x04AB	0x00C3      	MOVWF      _angle
0x04AC	0x300A      	MOVLW      10
0x04AD	0x00C4      	MOVWF      _angle+1
;MyProject.c,176 :: 		myDelay_ms(200);
0x04AE	0x30C8      	MOVLW      200
0x04AF	0x00CD      	MOVWF      FARG_myDelay_ms_ms
0x04B0	0x01CE      	CLRF       FARG_myDelay_ms_ms+1
0x04B1	0x229C      	CALL       _myDelay_ms
;MyProject.c,177 :: 		a = 0;
0x04B2	0x01BE      	CLRF       _a
0x04B3	0x01BF      	CLRF       _a+1
;MyProject.c,178 :: 		ss = 1;
0x04B4	0x3001      	MOVLW      1
0x04B5	0x00B2      	MOVWF      _ss
0x04B6	0x3000      	MOVLW      0
0x04B7	0x00B3      	MOVWF      _ss+1
;MyProject.c,179 :: 		}
0x04B8	0x2CB9      	GOTO       L_main27
L_main26:
;MyProject.c,181 :: 		ss = ss;
;MyProject.c,182 :: 		}
L_main27:
;MyProject.c,183 :: 		}
0x04B9	0x2CCF      	GOTO       L_main28
L_main25:
;MyProject.c,185 :: 		if(ss){
0x04BA	0x0832      	MOVF       _ss, 0
0x04BB	0x0433      	IORWF      _ss+1, 0
0x04BC	0x1903      	BTFSC      STATUS, 2
0x04BD	0x2CCF      	GOTO       L_main29
;MyProject.c,186 :: 		a = 1;
0x04BE	0x3001      	MOVLW      1
0x04BF	0x00BE      	MOVWF      _a
0x04C0	0x3000      	MOVLW      0
0x04C1	0x00BF      	MOVWF      _a+1
;MyProject.c,187 :: 		angle = 1000;
0x04C2	0x30E8      	MOVLW      232
0x04C3	0x00C3      	MOVWF      _angle
0x04C4	0x3003      	MOVLW      3
0x04C5	0x00C4      	MOVWF      _angle+1
;MyProject.c,188 :: 		myDelay_ms(200);
0x04C6	0x30C8      	MOVLW      200
0x04C7	0x00CD      	MOVWF      FARG_myDelay_ms_ms
0x04C8	0x01CE      	CLRF       FARG_myDelay_ms_ms+1
0x04C9	0x229C      	CALL       _myDelay_ms
;MyProject.c,189 :: 		a = 0;
0x04CA	0x01BE      	CLRF       _a
0x04CB	0x01BF      	CLRF       _a+1
;MyProject.c,190 :: 		ss = 0;
0x04CC	0x01B2      	CLRF       _ss
0x04CD	0x01B3      	CLRF       _ss+1
;MyProject.c,191 :: 		}
0x04CE	0x2CCF      	GOTO       L_main30
L_main29:
;MyProject.c,193 :: 		ss = ss;
;MyProject.c,194 :: 		}
L_main30:
;MyProject.c,195 :: 		}
L_main28:
;MyProject.c,197 :: 		read_sonar();
0x04CF	0x2317      	CALL       _read_sonar
;MyProject.c,198 :: 		myDelay_ms(100);
0x04D0	0x3064      	MOVLW      100
0x04D1	0x00CD      	MOVWF      FARG_myDelay_ms_ms
0x04D2	0x3000      	MOVLW      0
0x04D3	0x00CE      	MOVWF      FARG_myDelay_ms_ms+1
0x04D4	0x229C      	CALL       _myDelay_ms
;MyProject.c,199 :: 		if(Distance < 40){
0x04D5	0x3000      	MOVLW      0
0x04D6	0x023B      	SUBWF      _Distance+3, 0
0x04D7	0x1D03      	BTFSS      STATUS, 2
0x04D8	0x2CE3      	GOTO       L__main79
0x04D9	0x3000      	MOVLW      0
0x04DA	0x023A      	SUBWF      _Distance+2, 0
0x04DB	0x1D03      	BTFSS      STATUS, 2
0x04DC	0x2CE3      	GOTO       L__main79
0x04DD	0x3000      	MOVLW      0
0x04DE	0x0239      	SUBWF      _Distance+1, 0
0x04DF	0x1D03      	BTFSS      STATUS, 2
0x04E0	0x2CE3      	GOTO       L__main79
0x04E1	0x3028      	MOVLW      40
0x04E2	0x0238      	SUBWF      _Distance, 0
L__main79:
0x04E3	0x1803      	BTFSC      STATUS, 0
0x04E4	0x2CF8      	GOTO       L_main31
;MyProject.c,200 :: 		PORTB |= 0b01000000;
0x04E5	0x1706      	BSF        PORTB, 6
;MyProject.c,201 :: 		if(Distance < 10){
0x04E6	0x3000      	MOVLW      0
0x04E7	0x023B      	SUBWF      _Distance+3, 0
0x04E8	0x1D03      	BTFSS      STATUS, 2
0x04E9	0x2CF4      	GOTO       L__main80
0x04EA	0x3000      	MOVLW      0
0x04EB	0x023A      	SUBWF      _Distance+2, 0
0x04EC	0x1D03      	BTFSS      STATUS, 2
0x04ED	0x2CF4      	GOTO       L__main80
0x04EE	0x3000      	MOVLW      0
0x04EF	0x0239      	SUBWF      _Distance+1, 0
0x04F0	0x1D03      	BTFSS      STATUS, 2
0x04F1	0x2CF4      	GOTO       L__main80
0x04F2	0x300A      	MOVLW      10
0x04F3	0x0238      	SUBWF      _Distance, 0
L__main80:
0x04F4	0x1803      	BTFSC      STATUS, 0
0x04F5	0x2CF7      	GOTO       L_main32
;MyProject.c,202 :: 		PORTB |= 0b00100000;
0x04F6	0x1686      	BSF        PORTB, 5
;MyProject.c,203 :: 		}
L_main32:
;MyProject.c,204 :: 		}
0x04F7	0x2CFA      	GOTO       L_main33
L_main31:
;MyProject.c,206 :: 		PORTB &= 0b10011111;
0x04F8	0x309F      	MOVLW      159
0x04F9	0x0586      	ANDWF      PORTB, 1
;MyProject.c,207 :: 		}
L_main33:
;MyProject.c,208 :: 		}
0x04FA	0x2BA5      	GOTO       L_main11
L_main12:
;MyProject.c,210 :: 		while(!mode){
L_main34:
0x04FB	0x0836      	MOVF       _mode, 0
0x04FC	0x0437      	IORWF      _mode+1, 0
0x04FD	0x1D03      	BTFSS      STATUS, 2
0x04FE	0x2D86      	GOTO       L_main35
;MyProject.c,211 :: 		speed(200);
0x04FF	0x30C8      	MOVLW      200
0x0500	0x00CD      	MOVWF      FARG_Speed_p
0x0501	0x01CE      	CLRF       FARG_Speed_p+1
0x0502	0x2306      	CALL       _Speed
;MyProject.c,212 :: 		stop();
0x0503	0x230B      	CALL       _Stop
;MyProject.c,213 :: 		if(UART1_Data_Ready()){
0x0504	0x2310      	CALL       _UART1_Data_Ready
0x0505	0x0870      	MOVF       R0, 0
0x0506	0x1903      	BTFSC      STATUS, 2
0x0507	0x2D85      	GOTO       L_main36
;MyProject.c,214 :: 		received_data = UART1_Read();
0x0508	0x22F1      	CALL       _UART1_Read
0x0509	0x0870      	MOVF       R0, 0
0x050A	0x00C9      	MOVWF      _received_data
;MyProject.c,215 :: 		switch (received_data)
0x050B	0x2D16      	GOTO       L_main37
;MyProject.c,217 :: 		case 'F':
L_main39:
;MyProject.c,218 :: 		moveForward();
0x050C	0x22FC      	CALL       _moveForward
;MyProject.c,219 :: 		break;
0x050D	0x2D27      	GOTO       L_main38
;MyProject.c,220 :: 		case 'B':
L_main40:
;MyProject.c,221 :: 		moveBackward();
0x050E	0x2301      	CALL       _moveBackward
;MyProject.c,222 :: 		break;
0x050F	0x2D27      	GOTO       L_main38
;MyProject.c,223 :: 		case 'R':
L_main41:
;MyProject.c,224 :: 		moveRight();
0x0510	0x22E7      	CALL       _moveRight
;MyProject.c,225 :: 		break;
0x0511	0x2D27      	GOTO       L_main38
;MyProject.c,226 :: 		case 'L':
L_main42:
;MyProject.c,227 :: 		moveLeft();
0x0512	0x22EC      	CALL       _moveLeft
;MyProject.c,228 :: 		break;
0x0513	0x2D27      	GOTO       L_main38
;MyProject.c,229 :: 		default:
L_main43:
;MyProject.c,230 :: 		Stop();
0x0514	0x230B      	CALL       _Stop
;MyProject.c,231 :: 		break;
0x0515	0x2D27      	GOTO       L_main38
;MyProject.c,232 :: 		}
L_main37:
0x0516	0x0849      	MOVF       _received_data, 0
0x0517	0x3A46      	XORLW      70
0x0518	0x1903      	BTFSC      STATUS, 2
0x0519	0x2D0C      	GOTO       L_main39
0x051A	0x0849      	MOVF       _received_data, 0
0x051B	0x3A42      	XORLW      66
0x051C	0x1903      	BTFSC      STATUS, 2
0x051D	0x2D0E      	GOTO       L_main40
0x051E	0x0849      	MOVF       _received_data, 0
0x051F	0x3A52      	XORLW      82
0x0520	0x1903      	BTFSC      STATUS, 2
0x0521	0x2D10      	GOTO       L_main41
0x0522	0x0849      	MOVF       _received_data, 0
0x0523	0x3A4C      	XORLW      76
0x0524	0x1903      	BTFSC      STATUS, 2
0x0525	0x2D12      	GOTO       L_main42
0x0526	0x2D14      	GOTO       L_main43
L_main38:
;MyProject.c,234 :: 		if(PORTB & 0x01){
0x0527	0x1C06      	BTFSS      PORTB, 0
0x0528	0x2D45      	GOTO       L_main44
;MyProject.c,235 :: 		if(ss == 0){
0x0529	0x3000      	MOVLW      0
0x052A	0x0633      	XORWF      _ss+1, 0
0x052B	0x1D03      	BTFSS      STATUS, 2
0x052C	0x2D2F      	GOTO       L__main81
0x052D	0x3000      	MOVLW      0
0x052E	0x0632      	XORWF      _ss, 0
L__main81:
0x052F	0x1D03      	BTFSS      STATUS, 2
0x0530	0x2D44      	GOTO       L_main45
;MyProject.c,236 :: 		a = 1;
0x0531	0x3001      	MOVLW      1
0x0532	0x00BE      	MOVWF      _a
0x0533	0x3000      	MOVLW      0
0x0534	0x00BF      	MOVWF      _a+1
;MyProject.c,237 :: 		angle = 2800;
0x0535	0x30F0      	MOVLW      240
0x0536	0x00C3      	MOVWF      _angle
0x0537	0x300A      	MOVLW      10
0x0538	0x00C4      	MOVWF      _angle+1
;MyProject.c,238 :: 		myDelay_ms(200);
0x0539	0x30C8      	MOVLW      200
0x053A	0x00CD      	MOVWF      FARG_myDelay_ms_ms
0x053B	0x01CE      	CLRF       FARG_myDelay_ms_ms+1
0x053C	0x229C      	CALL       _myDelay_ms
;MyProject.c,239 :: 		a = 0;
0x053D	0x01BE      	CLRF       _a
0x053E	0x01BF      	CLRF       _a+1
;MyProject.c,240 :: 		ss = 1;
0x053F	0x3001      	MOVLW      1
0x0540	0x00B2      	MOVWF      _ss
0x0541	0x3000      	MOVLW      0
0x0542	0x00B3      	MOVWF      _ss+1
;MyProject.c,241 :: 		}
0x0543	0x2D44      	GOTO       L_main46
L_main45:
;MyProject.c,243 :: 		ss = ss;
;MyProject.c,244 :: 		}
L_main46:
;MyProject.c,245 :: 		}
0x0544	0x2D5A      	GOTO       L_main47
L_main44:
;MyProject.c,247 :: 		if(ss){
0x0545	0x0832      	MOVF       _ss, 0
0x0546	0x0433      	IORWF      _ss+1, 0
0x0547	0x1903      	BTFSC      STATUS, 2
0x0548	0x2D5A      	GOTO       L_main48
;MyProject.c,248 :: 		a = 1;
0x0549	0x3001      	MOVLW      1
0x054A	0x00BE      	MOVWF      _a
0x054B	0x3000      	MOVLW      0
0x054C	0x00BF      	MOVWF      _a+1
;MyProject.c,249 :: 		angle = 1000;
0x054D	0x30E8      	MOVLW      232
0x054E	0x00C3      	MOVWF      _angle
0x054F	0x3003      	MOVLW      3
0x0550	0x00C4      	MOVWF      _angle+1
;MyProject.c,250 :: 		myDelay_ms(200);
0x0551	0x30C8      	MOVLW      200
0x0552	0x00CD      	MOVWF      FARG_myDelay_ms_ms
0x0553	0x01CE      	CLRF       FARG_myDelay_ms_ms+1
0x0554	0x229C      	CALL       _myDelay_ms
;MyProject.c,251 :: 		a = 0;
0x0555	0x01BE      	CLRF       _a
0x0556	0x01BF      	CLRF       _a+1
;MyProject.c,252 :: 		ss = 0;
0x0557	0x01B2      	CLRF       _ss
0x0558	0x01B3      	CLRF       _ss+1
;MyProject.c,253 :: 		}
0x0559	0x2D5A      	GOTO       L_main49
L_main48:
;MyProject.c,255 :: 		ss = ss;
;MyProject.c,256 :: 		}
L_main49:
;MyProject.c,257 :: 		}
L_main47:
;MyProject.c,259 :: 		read_sonar();
0x055A	0x2317      	CALL       _read_sonar
;MyProject.c,260 :: 		myDelay_ms(100);
0x055B	0x3064      	MOVLW      100
0x055C	0x00CD      	MOVWF      FARG_myDelay_ms_ms
0x055D	0x3000      	MOVLW      0
0x055E	0x00CE      	MOVWF      FARG_myDelay_ms_ms+1
0x055F	0x229C      	CALL       _myDelay_ms
;MyProject.c,261 :: 		if(Distance < 40){
0x0560	0x3000      	MOVLW      0
0x0561	0x023B      	SUBWF      _Distance+3, 0
0x0562	0x1D03      	BTFSS      STATUS, 2
0x0563	0x2D6E      	GOTO       L__main82
0x0564	0x3000      	MOVLW      0
0x0565	0x023A      	SUBWF      _Distance+2, 0
0x0566	0x1D03      	BTFSS      STATUS, 2
0x0567	0x2D6E      	GOTO       L__main82
0x0568	0x3000      	MOVLW      0
0x0569	0x0239      	SUBWF      _Distance+1, 0
0x056A	0x1D03      	BTFSS      STATUS, 2
0x056B	0x2D6E      	GOTO       L__main82
0x056C	0x3028      	MOVLW      40
0x056D	0x0238      	SUBWF      _Distance, 0
L__main82:
0x056E	0x1803      	BTFSC      STATUS, 0
0x056F	0x2D83      	GOTO       L_main50
;MyProject.c,262 :: 		PORTB |= 0b01000000;
0x0570	0x1706      	BSF        PORTB, 6
;MyProject.c,263 :: 		if(Distance < 10){
0x0571	0x3000      	MOVLW      0
0x0572	0x023B      	SUBWF      _Distance+3, 0
0x0573	0x1D03      	BTFSS      STATUS, 2
0x0574	0x2D7F      	GOTO       L__main83
0x0575	0x3000      	MOVLW      0
0x0576	0x023A      	SUBWF      _Distance+2, 0
0x0577	0x1D03      	BTFSS      STATUS, 2
0x0578	0x2D7F      	GOTO       L__main83
0x0579	0x3000      	MOVLW      0
0x057A	0x0239      	SUBWF      _Distance+1, 0
0x057B	0x1D03      	BTFSS      STATUS, 2
0x057C	0x2D7F      	GOTO       L__main83
0x057D	0x300A      	MOVLW      10
0x057E	0x0238      	SUBWF      _Distance, 0
L__main83:
0x057F	0x1803      	BTFSC      STATUS, 0
0x0580	0x2D82      	GOTO       L_main51
;MyProject.c,264 :: 		PORTB |= 0b00100000;
0x0581	0x1686      	BSF        PORTB, 5
;MyProject.c,265 :: 		}
L_main51:
;MyProject.c,266 :: 		}
0x0582	0x2D85      	GOTO       L_main52
L_main50:
;MyProject.c,268 :: 		PORTB &= 0b10011111;
0x0583	0x309F      	MOVLW      159
0x0584	0x0586      	ANDWF      PORTB, 1
;MyProject.c,269 :: 		}
L_main52:
;MyProject.c,270 :: 		}
L_main36:
;MyProject.c,271 :: 		}
0x0585	0x2CFB      	GOTO       L_main34
L_main35:
;MyProject.c,272 :: 		}
0x0586	0x2BA5      	GOTO       L_main9
;MyProject.c,273 :: 		}
L_end_main:
0x0587	0x2D87      	GOTO       $+0
; end of _main
Symbol List:
//** Routines locations **
//ADDRESS    SIZE    PROCEDURE
//----------------------------------------------
0x0004     [106]    _interrupt
0x006E     [376]    _Div_32x32_U
0x01E6      [16]    _UART1_Init
0x01F6      [55]    _Mul_32x32_U
0x022D      [16]    _myDelay_us
0x023D      [35]    _initialization
0x0260      [34]    _ATD_read
0x0282      [13]    _CCPPWM_init
0x028F      [13]    _ADC_Init
0x029C      [13]    _myDelay_ms
0x02A9      [19]    _init_sonar
0x02BC      [43]    _Mul_16X16_U
0x02E7       [5]    _moveRight
0x02EC       [5]    _moveLeft
0x02F1      [11]    _UART1_Read
0x02FC       [5]    _moveForward
0x0301       [5]    _moveBackward
0x0306       [5]    _Speed
0x030B       [5]    _Stop
0x0310       [7]    _UART1_Data_Ready
0x0317     [109]    _read_sonar
0x0384     [516]    _main
//** Variables locations ** 
//ADDRESS    SIZE    VARIABLE
//----------------------------------------------
0x0000       [1]    INDF
0x0001       [1]    TMR0
0x0003       [1]    STATUS
0x0004       [1]    FSR
0x0005       [1]    PORTA
0x0006       [1]    PORTB
0x0007       [1]    PORTC
0x0008       [1]    PORTD
0x000A       [1]    PCLATH
0x000B       [1]    INTCON
0x000C       [1]    PIR1
0x000E       [1]    TMR1L
0x000F       [1]    TMR1H
0x0010       [1]    T1CON
0x0012       [1]    T2CON
0x0015       [1]    CCPR1L
0x0016       [1]    CCPR1H
0x0017       [1]    CCP1CON
0x0018       [1]    RCSTA
0x001A       [1]    RCREG
0x001B       [1]    CCPR2L
0x001D       [1]    CCP2CON
0x001E       [1]    ADRESH
0x001F       [1]    ADCON0
0x0020       [1]    ___math_tempb
0x0026       [2]    _yVal
0x0028       [2]    _xVal
0x002A       [4]    _T1time
0x002E       [4]    _T1counts
0x0032       [2]    _ss
0x0034       [2]    ___DoICPAddr
0x0036       [2]    _mode
0x0038       [4]    _Distance
0x003C       [2]    _BB
0x003E       [2]    _a
0x0040       [1]    _HL
0x0041       [2]    _FF
0x0043       [2]    _angle
0x0045       [2]    _LL
0x0047       [2]    _RR
0x0049       [1]    _received_data
0x004A       [1]    _tick
0x004B       [1]    ___savePCLATH
0x004C       [1]    ___saveSTATUS
0x004D       [2]    FARG_myDelay_ms_ms
0x004D       [1]    FARG_ATD_read_port
0x004D       [2]    FARG_Speed_p
0x004F       [2]    FARG_myDelay_us_us
0x0070       [1]    R0
0x0071       [1]    R1
0x0072       [1]    R2
0x0073       [1]    R3
0x0074       [1]    R4
0x0075       [1]    R5
0x0076       [1]    R6
0x0077       [1]    R7
0x0078       [1]    R8
0x0079       [1]    R9
0x007A       [1]    R10
0x007B       [1]    R11
0x007C       [1]    R12
0x007D       [1]    R13
0x007E       [1]    R14
0x007F       [1]    R15
0x0081       [1]    OPTION_REG
0x0085       [1]    TRISA
0x0086       [1]    TRISB
0x0087       [0]    TRISC7_bit
0x0087       [0]    TRISC6_bit
0x0087       [1]    TRISC
0x0088       [1]    TRISD
0x008C       [1]    PIE1
0x0092       [1]    PR2
0x0098       [1]    TXSTA
0x0099       [1]    SPBRG
0x009E       [1]    ADRESL
0x009F       [1]    ADCON1
